{"C:\\Users\\RayaneHADDADI\\api_server\\server.js": {"path":"C:\\Users\\RayaneHADDADI\\api_server\\server.js","statementMap":{"0":{"start":{"line":1,"column":16},"end":{"line":1,"column":34}},"1":{"start":{"line":2,"column":18},"end":{"line":2,"column":47}},"2":{"start":{"line":3,"column":13},"end":{"line":3,"column":30}},"3":{"start":{"line":4,"column":25},"end":{"line":4,"column":57}},"4":{"start":{"line":6,"column":12},"end":{"line":6,"column":21}},"5":{"start":{"line":7,"column":13},"end":{"line":7,"column":17}},"6":{"start":{"line":10,"column":0},"end":{"line":19,"column":3}},"7":{"start":{"line":11,"column":2},"end":{"line":11,"column":95}},"8":{"start":{"line":12,"column":2},"end":{"line":12,"column":49}},"9":{"start":{"line":13,"column":2},"end":{"line":13,"column":110}},"10":{"start":{"line":14,"column":2},"end":{"line":14,"column":87}},"11":{"start":{"line":15,"column":2},"end":{"line":17,"column":3}},"12":{"start":{"line":16,"column":4},"end":{"line":16,"column":31}},"13":{"start":{"line":18,"column":2},"end":{"line":18,"column":9}},"14":{"start":{"line":21,"column":0},"end":{"line":21,"column":24}},"15":{"start":{"line":23,"column":0},"end":{"line":25,"column":3}},"16":{"start":{"line":24,"column":2},"end":{"line":24,"column":55}},"17":{"start":{"line":27,"column":21},"end":{"line":27,"column":63}},"18":{"start":{"line":28,"column":21},"end":{"line":28,"column":69}},"19":{"start":{"line":29,"column":17},"end":{"line":29,"column":57}},"20":{"start":{"line":31,"column":0},"end":{"line":36,"column":1}},"21":{"start":{"line":32,"column":26},"end":{"line":32,"column":53}},"22":{"start":{"line":33,"column":2},"end":{"line":33,"column":74}},"23":{"start":{"line":35,"column":2},"end":{"line":35,"column":99}},"24":{"start":{"line":43,"column":22},"end":{"line":63,"column":1}},"25":{"start":{"line":45,"column":2},"end":{"line":45,"column":50}},"26":{"start":{"line":45,"column":36},"end":{"line":45,"column":50}},"27":{"start":{"line":46,"column":21},"end":{"line":46,"column":49}},"28":{"start":{"line":47,"column":2},"end":{"line":49,"column":3}},"29":{"start":{"line":48,"column":4},"end":{"line":48,"column":112}},"30":{"start":{"line":51,"column":16},"end":{"line":51,"column":40}},"31":{"start":{"line":54,"column":36},"end":{"line":54,"column":70}},"32":{"start":{"line":56,"column":2},"end":{"line":58,"column":3}},"33":{"start":{"line":57,"column":4},"end":{"line":57,"column":73}},"34":{"start":{"line":61,"column":2},"end":{"line":61,"column":18}},"35":{"start":{"line":62,"column":2},"end":{"line":62,"column":9}},"36":{"start":{"line":66,"column":0},"end":{"line":66,"column":31}},"37":{"start":{"line":73,"column":0},"end":{"line":86,"column":3}},"38":{"start":{"line":74,"column":30},"end":{"line":74,"column":38}},"39":{"start":{"line":75,"column":2},"end":{"line":76,"column":78}},"40":{"start":{"line":76,"column":4},"end":{"line":76,"column":78}},"41":{"start":{"line":78,"column":26},"end":{"line":78,"column":73}},"42":{"start":{"line":80,"column":2},"end":{"line":80,"column":69}},"43":{"start":{"line":80,"column":13},"end":{"line":80,"column":69}},"44":{"start":{"line":82,"column":2},"end":{"line":85,"column":5}},"45":{"start":{"line":89,"column":0},"end":{"line":104,"column":3}},"46":{"start":{"line":90,"column":30},"end":{"line":90,"column":38}},"47":{"start":{"line":91,"column":2},"end":{"line":92,"column":78}},"48":{"start":{"line":92,"column":4},"end":{"line":92,"column":78}},"49":{"start":{"line":94,"column":26},"end":{"line":94,"column":85}},"50":{"start":{"line":96,"column":2},"end":{"line":96,"column":69}},"51":{"start":{"line":96,"column":13},"end":{"line":96,"column":69}},"52":{"start":{"line":98,"column":2},"end":{"line":103,"column":5}},"53":{"start":{"line":107,"column":0},"end":{"line":111,"column":3}},"54":{"start":{"line":108,"column":16},"end":{"line":108,"column":59}},"55":{"start":{"line":109,"column":2},"end":{"line":109,"column":43}},"56":{"start":{"line":110,"column":2},"end":{"line":110,"column":50}},"57":{"start":{"line":114,"column":0},"end":{"line":116,"column":3}},"58":{"start":{"line":115,"column":2},"end":{"line":115,"column":31}},"59":{"start":{"line":120,"column":0},"end":{"line":124,"column":3}},"60":{"start":{"line":121,"column":26},"end":{"line":121,"column":68}},"61":{"start":{"line":122,"column":2},"end":{"line":122,"column":69}},"62":{"start":{"line":122,"column":13},"end":{"line":122,"column":69}},"63":{"start":{"line":123,"column":2},"end":{"line":123,"column":17}},"64":{"start":{"line":126,"column":0},"end":{"line":131,"column":3}},"65":{"start":{"line":127,"column":26},"end":{"line":128,"column":65}},"66":{"start":{"line":129,"column":2},"end":{"line":129,"column":75}},"67":{"start":{"line":129,"column":13},"end":{"line":129,"column":75}},"68":{"start":{"line":130,"column":2},"end":{"line":130,"column":17}},"69":{"start":{"line":133,"column":0},"end":{"line":141,"column":3}},"70":{"start":{"line":134,"column":53},"end":{"line":134,"column":61}},"71":{"start":{"line":135,"column":2},"end":{"line":136,"column":81}},"72":{"start":{"line":136,"column":4},"end":{"line":136,"column":81}},"73":{"start":{"line":137,"column":26},"end":{"line":138,"column":91}},"74":{"start":{"line":139,"column":2},"end":{"line":139,"column":69}},"75":{"start":{"line":139,"column":13},"end":{"line":139,"column":69}},"76":{"start":{"line":140,"column":2},"end":{"line":140,"column":29}},"77":{"start":{"line":143,"column":0},"end":{"line":150,"column":3}},"78":{"start":{"line":144,"column":53},"end":{"line":144,"column":61}},"79":{"start":{"line":145,"column":26},"end":{"line":147,"column":46}},"80":{"start":{"line":148,"column":2},"end":{"line":148,"column":69}},"81":{"start":{"line":148,"column":13},"end":{"line":148,"column":69}},"82":{"start":{"line":149,"column":2},"end":{"line":149,"column":17}},"83":{"start":{"line":152,"column":0},"end":{"line":156,"column":3}},"84":{"start":{"line":153,"column":20},"end":{"line":153,"column":83}},"85":{"start":{"line":154,"column":2},"end":{"line":154,"column":69}},"86":{"start":{"line":154,"column":13},"end":{"line":154,"column":69}},"87":{"start":{"line":155,"column":2},"end":{"line":155,"column":65}},"88":{"start":{"line":160,"column":0},"end":{"line":164,"column":3}},"89":{"start":{"line":161,"column":26},"end":{"line":161,"column":72}},"90":{"start":{"line":162,"column":2},"end":{"line":162,"column":69}},"91":{"start":{"line":162,"column":13},"end":{"line":162,"column":69}},"92":{"start":{"line":163,"column":2},"end":{"line":163,"column":17}},"93":{"start":{"line":166,"column":0},"end":{"line":171,"column":3}},"94":{"start":{"line":167,"column":26},"end":{"line":168,"column":69}},"95":{"start":{"line":169,"column":2},"end":{"line":169,"column":79}},"96":{"start":{"line":169,"column":13},"end":{"line":169,"column":79}},"97":{"start":{"line":170,"column":2},"end":{"line":170,"column":17}},"98":{"start":{"line":173,"column":0},"end":{"line":178,"column":3}},"99":{"start":{"line":174,"column":26},"end":{"line":175,"column":68}},"100":{"start":{"line":176,"column":2},"end":{"line":176,"column":69}},"101":{"start":{"line":176,"column":13},"end":{"line":176,"column":69}},"102":{"start":{"line":177,"column":2},"end":{"line":177,"column":17}},"103":{"start":{"line":180,"column":0},"end":{"line":188,"column":3}},"104":{"start":{"line":181,"column":27},"end":{"line":181,"column":35}},"105":{"start":{"line":182,"column":2},"end":{"line":183,"column":75}},"106":{"start":{"line":183,"column":4},"end":{"line":183,"column":75}},"107":{"start":{"line":184,"column":26},"end":{"line":185,"column":69}},"108":{"start":{"line":186,"column":2},"end":{"line":186,"column":69}},"109":{"start":{"line":186,"column":13},"end":{"line":186,"column":69}},"110":{"start":{"line":187,"column":2},"end":{"line":187,"column":29}},"111":{"start":{"line":192,"column":0},"end":{"line":196,"column":3}},"112":{"start":{"line":193,"column":26},"end":{"line":193,"column":69}},"113":{"start":{"line":194,"column":2},"end":{"line":194,"column":69}},"114":{"start":{"line":194,"column":13},"end":{"line":194,"column":69}},"115":{"start":{"line":195,"column":2},"end":{"line":195,"column":17}},"116":{"start":{"line":198,"column":0},"end":{"line":203,"column":3}},"117":{"start":{"line":199,"column":26},"end":{"line":200,"column":66}},"118":{"start":{"line":201,"column":2},"end":{"line":201,"column":76}},"119":{"start":{"line":201,"column":13},"end":{"line":201,"column":76}},"120":{"start":{"line":202,"column":2},"end":{"line":202,"column":17}},"121":{"start":{"line":205,"column":0},"end":{"line":213,"column":3}},"122":{"start":{"line":206,"column":63},"end":{"line":206,"column":71}},"123":{"start":{"line":207,"column":2},"end":{"line":208,"column":87}},"124":{"start":{"line":208,"column":4},"end":{"line":208,"column":87}},"125":{"start":{"line":209,"column":26},"end":{"line":210,"column":102}},"126":{"start":{"line":211,"column":2},"end":{"line":211,"column":69}},"127":{"start":{"line":211,"column":13},"end":{"line":211,"column":69}},"128":{"start":{"line":212,"column":2},"end":{"line":212,"column":29}},"129":{"start":{"line":215,"column":0},"end":{"line":222,"column":3}},"130":{"start":{"line":216,"column":60},"end":{"line":216,"column":68}},"131":{"start":{"line":217,"column":26},"end":{"line":219,"column":46}},"132":{"start":{"line":220,"column":2},"end":{"line":220,"column":69}},"133":{"start":{"line":220,"column":13},"end":{"line":220,"column":69}},"134":{"start":{"line":221,"column":2},"end":{"line":221,"column":17}},"135":{"start":{"line":224,"column":0},"end":{"line":228,"column":3}},"136":{"start":{"line":225,"column":20},"end":{"line":225,"column":84}},"137":{"start":{"line":226,"column":2},"end":{"line":226,"column":69}},"138":{"start":{"line":226,"column":13},"end":{"line":226,"column":69}},"139":{"start":{"line":227,"column":2},"end":{"line":227,"column":66}},"140":{"start":{"line":232,"column":0},"end":{"line":238,"column":3}},"141":{"start":{"line":233,"column":26},"end":{"line":235,"column":116}},"142":{"start":{"line":236,"column":2},"end":{"line":236,"column":69}},"143":{"start":{"line":236,"column":13},"end":{"line":236,"column":69}},"144":{"start":{"line":237,"column":2},"end":{"line":237,"column":17}},"145":{"start":{"line":240,"column":0},"end":{"line":247,"column":3}},"146":{"start":{"line":241,"column":26},"end":{"line":244,"column":37}},"147":{"start":{"line":245,"column":2},"end":{"line":245,"column":78}},"148":{"start":{"line":245,"column":13},"end":{"line":245,"column":78}},"149":{"start":{"line":246,"column":2},"end":{"line":246,"column":17}},"150":{"start":{"line":249,"column":0},"end":{"line":271,"column":3}},"151":{"start":{"line":250,"column":68},"end":{"line":250,"column":76}},"152":{"start":{"line":251,"column":2},"end":{"line":252,"column":116}},"153":{"start":{"line":252,"column":4},"end":{"line":252,"column":116}},"154":{"start":{"line":254,"column":16},"end":{"line":254,"column":82}},"155":{"start":{"line":254,"column":44},"end":{"line":254,"column":78}},"156":{"start":{"line":256,"column":49},"end":{"line":257,"column":105}},"157":{"start":{"line":258,"column":2},"end":{"line":258,"column":81}},"158":{"start":{"line":258,"column":19},"end":{"line":258,"column":81}},"159":{"start":{"line":260,"column":17},"end":{"line":265,"column":5}},"160":{"start":{"line":260,"column":36},"end":{"line":265,"column":3}},"161":{"start":{"line":267,"column":31},"end":{"line":267,"column":87}},"162":{"start":{"line":268,"column":2},"end":{"line":268,"column":77}},"163":{"start":{"line":268,"column":17},"end":{"line":268,"column":77}},"164":{"start":{"line":270,"column":2},"end":{"line":270,"column":33}},"165":{"start":{"line":273,"column":0},"end":{"line":282,"column":3}},"166":{"start":{"line":274,"column":21},"end":{"line":274,"column":29}},"167":{"start":{"line":275,"column":18},"end":{"line":275,"column":96}},"168":{"start":{"line":276,"column":2},"end":{"line":277,"column":107}},"169":{"start":{"line":277,"column":4},"end":{"line":277,"column":107}},"170":{"start":{"line":278,"column":26},"end":{"line":279,"column":83}},"171":{"start":{"line":280,"column":2},"end":{"line":280,"column":69}},"172":{"start":{"line":280,"column":13},"end":{"line":280,"column":69}},"173":{"start":{"line":281,"column":2},"end":{"line":281,"column":17}},"174":{"start":{"line":286,"column":0},"end":{"line":290,"column":3}},"175":{"start":{"line":287,"column":26},"end":{"line":287,"column":69}},"176":{"start":{"line":288,"column":2},"end":{"line":288,"column":69}},"177":{"start":{"line":288,"column":13},"end":{"line":288,"column":69}},"178":{"start":{"line":289,"column":2},"end":{"line":289,"column":17}},"179":{"start":{"line":292,"column":0},"end":{"line":300,"column":3}},"180":{"start":{"line":293,"column":37},"end":{"line":293,"column":45}},"181":{"start":{"line":294,"column":2},"end":{"line":295,"column":85}},"182":{"start":{"line":295,"column":4},"end":{"line":295,"column":85}},"183":{"start":{"line":296,"column":26},"end":{"line":297,"column":76}},"184":{"start":{"line":298,"column":2},"end":{"line":298,"column":69}},"185":{"start":{"line":298,"column":13},"end":{"line":298,"column":69}},"186":{"start":{"line":299,"column":2},"end":{"line":299,"column":29}},"187":{"start":{"line":304,"column":0},"end":{"line":310,"column":3}},"188":{"start":{"line":305,"column":26},"end":{"line":307,"column":81}},"189":{"start":{"line":308,"column":2},"end":{"line":308,"column":69}},"190":{"start":{"line":308,"column":13},"end":{"line":308,"column":69}},"191":{"start":{"line":309,"column":2},"end":{"line":309,"column":17}},"192":{"start":{"line":312,"column":0},"end":{"line":323,"column":3}},"193":{"start":{"line":313,"column":38},"end":{"line":313,"column":46}},"194":{"start":{"line":314,"column":2},"end":{"line":315,"column":86}},"195":{"start":{"line":315,"column":4},"end":{"line":315,"column":86}},"196":{"start":{"line":317,"column":26},"end":{"line":318,"column":105}},"197":{"start":{"line":319,"column":2},"end":{"line":319,"column":69}},"198":{"start":{"line":319,"column":13},"end":{"line":319,"column":69}},"199":{"start":{"line":321,"column":2},"end":{"line":321,"column":90}},"200":{"start":{"line":322,"column":2},"end":{"line":322,"column":29}},"201":{"start":{"line":325,"column":0},"end":{"line":335,"column":3}},"202":{"start":{"line":326,"column":37},"end":{"line":329,"column":46}},"203":{"start":{"line":330,"column":2},"end":{"line":330,"column":69}},"204":{"start":{"line":330,"column":13},"end":{"line":330,"column":69}},"205":{"start":{"line":332,"column":2},"end":{"line":332,"column":98}},"206":{"start":{"line":333,"column":2},"end":{"line":333,"column":96}},"207":{"start":{"line":334,"column":2},"end":{"line":334,"column":22}},"208":{"start":{"line":338,"column":0},"end":{"line":343,"column":1}},"209":{"start":{"line":339,"column":2},"end":{"line":342,"column":5}},"210":{"start":{"line":340,"column":4},"end":{"line":340,"column":64}},"211":{"start":{"line":341,"column":4},"end":{"line":341,"column":81}},"212":{"start":{"line":345,"column":0},"end":{"line":345,"column":21}}},"fnMap":{"0":{"name":"(anonymous_0)","decl":{"start":{"line":10,"column":8},"end":{"line":10,"column":9}},"loc":{"start":{"line":10,"column":28},"end":{"line":19,"column":1}},"line":10},"1":{"name":"(anonymous_1)","decl":{"start":{"line":23,"column":13},"end":{"line":23,"column":14}},"loc":{"start":{"line":23,"column":27},"end":{"line":25,"column":1}},"line":23},"2":{"name":"(anonymous_2)","decl":{"start":{"line":43,"column":22},"end":{"line":43,"column":23}},"loc":{"start":{"line":43,"column":48},"end":{"line":63,"column":1}},"line":43},"3":{"name":"(anonymous_3)","decl":{"start":{"line":73,"column":31},"end":{"line":73,"column":32}},"loc":{"start":{"line":73,"column":51},"end":{"line":86,"column":1}},"line":73},"4":{"name":"(anonymous_4)","decl":{"start":{"line":89,"column":28},"end":{"line":89,"column":29}},"loc":{"start":{"line":89,"column":48},"end":{"line":104,"column":1}},"line":89},"5":{"name":"(anonymous_5)","decl":{"start":{"line":107,"column":29},"end":{"line":107,"column":30}},"loc":{"start":{"line":107,"column":49},"end":{"line":111,"column":1}},"line":107},"6":{"name":"(anonymous_6)","decl":{"start":{"line":114,"column":24},"end":{"line":114,"column":25}},"loc":{"start":{"line":114,"column":44},"end":{"line":116,"column":1}},"line":114},"7":{"name":"(anonymous_7)","decl":{"start":{"line":120,"column":24},"end":{"line":120,"column":25}},"loc":{"start":{"line":120,"column":44},"end":{"line":124,"column":1}},"line":120},"8":{"name":"(anonymous_8)","decl":{"start":{"line":126,"column":28},"end":{"line":126,"column":29}},"loc":{"start":{"line":126,"column":48},"end":{"line":131,"column":1}},"line":126},"9":{"name":"(anonymous_9)","decl":{"start":{"line":133,"column":25},"end":{"line":133,"column":26}},"loc":{"start":{"line":133,"column":45},"end":{"line":141,"column":1}},"line":133},"10":{"name":"(anonymous_10)","decl":{"start":{"line":143,"column":28},"end":{"line":143,"column":29}},"loc":{"start":{"line":143,"column":48},"end":{"line":150,"column":1}},"line":143},"11":{"name":"(anonymous_11)","decl":{"start":{"line":152,"column":31},"end":{"line":152,"column":32}},"loc":{"start":{"line":152,"column":51},"end":{"line":156,"column":1}},"line":152},"12":{"name":"(anonymous_12)","decl":{"start":{"line":160,"column":28},"end":{"line":160,"column":29}},"loc":{"start":{"line":160,"column":48},"end":{"line":164,"column":1}},"line":160},"13":{"name":"(anonymous_13)","decl":{"start":{"line":166,"column":32},"end":{"line":166,"column":33}},"loc":{"start":{"line":166,"column":52},"end":{"line":171,"column":1}},"line":166},"14":{"name":"(anonymous_14)","decl":{"start":{"line":173,"column":41},"end":{"line":173,"column":42}},"loc":{"start":{"line":173,"column":61},"end":{"line":178,"column":1}},"line":173},"15":{"name":"(anonymous_15)","decl":{"start":{"line":180,"column":29},"end":{"line":180,"column":30}},"loc":{"start":{"line":180,"column":49},"end":{"line":188,"column":1}},"line":180},"16":{"name":"(anonymous_16)","decl":{"start":{"line":192,"column":25},"end":{"line":192,"column":26}},"loc":{"start":{"line":192,"column":45},"end":{"line":196,"column":1}},"line":192},"17":{"name":"(anonymous_17)","decl":{"start":{"line":198,"column":29},"end":{"line":198,"column":30}},"loc":{"start":{"line":198,"column":49},"end":{"line":203,"column":1}},"line":198},"18":{"name":"(anonymous_18)","decl":{"start":{"line":205,"column":26},"end":{"line":205,"column":27}},"loc":{"start":{"line":205,"column":46},"end":{"line":213,"column":1}},"line":205},"19":{"name":"(anonymous_19)","decl":{"start":{"line":215,"column":29},"end":{"line":215,"column":30}},"loc":{"start":{"line":215,"column":49},"end":{"line":222,"column":1}},"line":215},"20":{"name":"(anonymous_20)","decl":{"start":{"line":224,"column":32},"end":{"line":224,"column":33}},"loc":{"start":{"line":224,"column":52},"end":{"line":228,"column":1}},"line":224},"21":{"name":"(anonymous_21)","decl":{"start":{"line":232,"column":26},"end":{"line":232,"column":27}},"loc":{"start":{"line":232,"column":46},"end":{"line":238,"column":1}},"line":232},"22":{"name":"(anonymous_22)","decl":{"start":{"line":240,"column":30},"end":{"line":240,"column":31}},"loc":{"start":{"line":240,"column":50},"end":{"line":247,"column":1}},"line":240},"23":{"name":"(anonymous_23)","decl":{"start":{"line":249,"column":27},"end":{"line":249,"column":28}},"loc":{"start":{"line":249,"column":47},"end":{"line":271,"column":1}},"line":249},"24":{"name":"(anonymous_24)","decl":{"start":{"line":254,"column":32},"end":{"line":254,"column":33}},"loc":{"start":{"line":254,"column":44},"end":{"line":254,"column":78}},"line":254},"25":{"name":"(anonymous_25)","decl":{"start":{"line":260,"column":30},"end":{"line":260,"column":31}},"loc":{"start":{"line":260,"column":36},"end":{"line":265,"column":3}},"line":260},"26":{"name":"(anonymous_26)","decl":{"start":{"line":273,"column":39},"end":{"line":273,"column":40}},"loc":{"start":{"line":273,"column":59},"end":{"line":282,"column":1}},"line":273},"27":{"name":"(anonymous_27)","decl":{"start":{"line":286,"column":25},"end":{"line":286,"column":26}},"loc":{"start":{"line":286,"column":45},"end":{"line":290,"column":1}},"line":286},"28":{"name":"(anonymous_28)","decl":{"start":{"line":292,"column":26},"end":{"line":292,"column":27}},"loc":{"start":{"line":292,"column":46},"end":{"line":300,"column":1}},"line":292},"29":{"name":"(anonymous_29)","decl":{"start":{"line":304,"column":27},"end":{"line":304,"column":28}},"loc":{"start":{"line":304,"column":47},"end":{"line":310,"column":1}},"line":304},"30":{"name":"(anonymous_30)","decl":{"start":{"line":312,"column":28},"end":{"line":312,"column":29}},"loc":{"start":{"line":312,"column":48},"end":{"line":323,"column":1}},"line":312},"31":{"name":"(anonymous_31)","decl":{"start":{"line":325,"column":40},"end":{"line":325,"column":41}},"loc":{"start":{"line":325,"column":60},"end":{"line":335,"column":1}},"line":325},"32":{"name":"(anonymous_32)","decl":{"start":{"line":339,"column":19},"end":{"line":339,"column":20}},"loc":{"start":{"line":339,"column":25},"end":{"line":342,"column":3}},"line":339}},"branchMap":{"0":{"loc":{"start":{"line":15,"column":2},"end":{"line":17,"column":3}},"type":"if","locations":[{"start":{"line":15,"column":2},"end":{"line":17,"column":3}},{"start":{},"end":{}}],"line":15},"1":{"loc":{"start":{"line":45,"column":2},"end":{"line":45,"column":50}},"type":"if","locations":[{"start":{"line":45,"column":2},"end":{"line":45,"column":50}},{"start":{},"end":{}}],"line":45},"2":{"loc":{"start":{"line":47,"column":2},"end":{"line":49,"column":3}},"type":"if","locations":[{"start":{"line":47,"column":2},"end":{"line":49,"column":3}},{"start":{},"end":{}}],"line":47},"3":{"loc":{"start":{"line":56,"column":2},"end":{"line":58,"column":3}},"type":"if","locations":[{"start":{"line":56,"column":2},"end":{"line":58,"column":3}},{"start":{},"end":{}}],"line":56},"4":{"loc":{"start":{"line":56,"column":6},"end":{"line":56,"column":20}},"type":"binary-expr","locations":[{"start":{"line":56,"column":6},"end":{"line":56,"column":11}},{"start":{"line":56,"column":15},"end":{"line":56,"column":20}}],"line":56},"5":{"loc":{"start":{"line":75,"column":2},"end":{"line":76,"column":78}},"type":"if","locations":[{"start":{"line":75,"column":2},"end":{"line":76,"column":78}},{"start":{},"end":{}}],"line":75},"6":{"loc":{"start":{"line":75,"column":6},"end":{"line":75,"column":25}},"type":"binary-expr","locations":[{"start":{"line":75,"column":6},"end":{"line":75,"column":12}},{"start":{"line":75,"column":16},"end":{"line":75,"column":25}}],"line":75},"7":{"loc":{"start":{"line":80,"column":2},"end":{"line":80,"column":69}},"type":"if","locations":[{"start":{"line":80,"column":2},"end":{"line":80,"column":69}},{"start":{},"end":{}}],"line":80},"8":{"loc":{"start":{"line":91,"column":2},"end":{"line":92,"column":78}},"type":"if","locations":[{"start":{"line":91,"column":2},"end":{"line":92,"column":78}},{"start":{},"end":{}}],"line":91},"9":{"loc":{"start":{"line":91,"column":6},"end":{"line":91,"column":25}},"type":"binary-expr","locations":[{"start":{"line":91,"column":6},"end":{"line":91,"column":12}},{"start":{"line":91,"column":16},"end":{"line":91,"column":25}}],"line":91},"10":{"loc":{"start":{"line":96,"column":2},"end":{"line":96,"column":69}},"type":"if","locations":[{"start":{"line":96,"column":2},"end":{"line":96,"column":69}},{"start":{},"end":{}}],"line":96},"11":{"loc":{"start":{"line":122,"column":2},"end":{"line":122,"column":69}},"type":"if","locations":[{"start":{"line":122,"column":2},"end":{"line":122,"column":69}},{"start":{},"end":{}}],"line":122},"12":{"loc":{"start":{"line":129,"column":2},"end":{"line":129,"column":75}},"type":"if","locations":[{"start":{"line":129,"column":2},"end":{"line":129,"column":75}},{"start":{},"end":{}}],"line":129},"13":{"loc":{"start":{"line":135,"column":2},"end":{"line":136,"column":81}},"type":"if","locations":[{"start":{"line":135,"column":2},"end":{"line":136,"column":81}},{"start":{},"end":{}}],"line":135},"14":{"loc":{"start":{"line":135,"column":6},"end":{"line":135,"column":31}},"type":"binary-expr","locations":[{"start":{"line":135,"column":6},"end":{"line":135,"column":10}},{"start":{"line":135,"column":14},"end":{"line":135,"column":21}},{"start":{"line":135,"column":25},"end":{"line":135,"column":31}}],"line":135},"15":{"loc":{"start":{"line":139,"column":2},"end":{"line":139,"column":69}},"type":"if","locations":[{"start":{"line":139,"column":2},"end":{"line":139,"column":69}},{"start":{},"end":{}}],"line":139},"16":{"loc":{"start":{"line":148,"column":2},"end":{"line":148,"column":69}},"type":"if","locations":[{"start":{"line":148,"column":2},"end":{"line":148,"column":69}},{"start":{},"end":{}}],"line":148},"17":{"loc":{"start":{"line":154,"column":2},"end":{"line":154,"column":69}},"type":"if","locations":[{"start":{"line":154,"column":2},"end":{"line":154,"column":69}},{"start":{},"end":{}}],"line":154},"18":{"loc":{"start":{"line":162,"column":2},"end":{"line":162,"column":69}},"type":"if","locations":[{"start":{"line":162,"column":2},"end":{"line":162,"column":69}},{"start":{},"end":{}}],"line":162},"19":{"loc":{"start":{"line":169,"column":2},"end":{"line":169,"column":79}},"type":"if","locations":[{"start":{"line":169,"column":2},"end":{"line":169,"column":79}},{"start":{},"end":{}}],"line":169},"20":{"loc":{"start":{"line":176,"column":2},"end":{"line":176,"column":69}},"type":"if","locations":[{"start":{"line":176,"column":2},"end":{"line":176,"column":69}},{"start":{},"end":{}}],"line":176},"21":{"loc":{"start":{"line":182,"column":2},"end":{"line":183,"column":75}},"type":"if","locations":[{"start":{"line":182,"column":2},"end":{"line":183,"column":75}},{"start":{},"end":{}}],"line":182},"22":{"loc":{"start":{"line":182,"column":6},"end":{"line":182,"column":22}},"type":"binary-expr","locations":[{"start":{"line":182,"column":6},"end":{"line":182,"column":10}},{"start":{"line":182,"column":14},"end":{"line":182,"column":22}}],"line":182},"23":{"loc":{"start":{"line":186,"column":2},"end":{"line":186,"column":69}},"type":"if","locations":[{"start":{"line":186,"column":2},"end":{"line":186,"column":69}},{"start":{},"end":{}}],"line":186},"24":{"loc":{"start":{"line":194,"column":2},"end":{"line":194,"column":69}},"type":"if","locations":[{"start":{"line":194,"column":2},"end":{"line":194,"column":69}},{"start":{},"end":{}}],"line":194},"25":{"loc":{"start":{"line":201,"column":2},"end":{"line":201,"column":76}},"type":"if","locations":[{"start":{"line":201,"column":2},"end":{"line":201,"column":76}},{"start":{},"end":{}}],"line":201},"26":{"loc":{"start":{"line":207,"column":2},"end":{"line":208,"column":87}},"type":"if","locations":[{"start":{"line":207,"column":2},"end":{"line":208,"column":87}},{"start":{},"end":{}}],"line":207},"27":{"loc":{"start":{"line":207,"column":6},"end":{"line":207,"column":37}},"type":"binary-expr","locations":[{"start":{"line":207,"column":6},"end":{"line":207,"column":20}},{"start":{"line":207,"column":24},"end":{"line":207,"column":28}},{"start":{"line":207,"column":32},"end":{"line":207,"column":37}}],"line":207},"28":{"loc":{"start":{"line":211,"column":2},"end":{"line":211,"column":69}},"type":"if","locations":[{"start":{"line":211,"column":2},"end":{"line":211,"column":69}},{"start":{},"end":{}}],"line":211},"29":{"loc":{"start":{"line":220,"column":2},"end":{"line":220,"column":69}},"type":"if","locations":[{"start":{"line":220,"column":2},"end":{"line":220,"column":69}},{"start":{},"end":{}}],"line":220},"30":{"loc":{"start":{"line":226,"column":2},"end":{"line":226,"column":69}},"type":"if","locations":[{"start":{"line":226,"column":2},"end":{"line":226,"column":69}},{"start":{},"end":{}}],"line":226},"31":{"loc":{"start":{"line":236,"column":2},"end":{"line":236,"column":69}},"type":"if","locations":[{"start":{"line":236,"column":2},"end":{"line":236,"column":69}},{"start":{},"end":{}}],"line":236},"32":{"loc":{"start":{"line":245,"column":2},"end":{"line":245,"column":78}},"type":"if","locations":[{"start":{"line":245,"column":2},"end":{"line":245,"column":78}},{"start":{},"end":{}}],"line":245},"33":{"loc":{"start":{"line":251,"column":2},"end":{"line":252,"column":116}},"type":"if","locations":[{"start":{"line":251,"column":2},"end":{"line":252,"column":116}},{"start":{},"end":{}}],"line":251},"34":{"loc":{"start":{"line":251,"column":6},"end":{"line":251,"column":77}},"type":"binary-expr","locations":[{"start":{"line":251,"column":6},"end":{"line":251,"column":16}},{"start":{"line":251,"column":20},"end":{"line":251,"column":34}},{"start":{"line":251,"column":38},"end":{"line":251,"column":56}},{"start":{"line":251,"column":60},"end":{"line":251,"column":77}}],"line":251},"35":{"loc":{"start":{"line":258,"column":2},"end":{"line":258,"column":81}},"type":"if","locations":[{"start":{"line":258,"column":2},"end":{"line":258,"column":81}},{"start":{},"end":{}}],"line":258},"36":{"loc":{"start":{"line":268,"column":2},"end":{"line":268,"column":77}},"type":"if","locations":[{"start":{"line":268,"column":2},"end":{"line":268,"column":77}},{"start":{},"end":{}}],"line":268},"37":{"loc":{"start":{"line":276,"column":2},"end":{"line":277,"column":107}},"type":"if","locations":[{"start":{"line":276,"column":2},"end":{"line":277,"column":107}},{"start":{},"end":{}}],"line":276},"38":{"loc":{"start":{"line":280,"column":2},"end":{"line":280,"column":69}},"type":"if","locations":[{"start":{"line":280,"column":2},"end":{"line":280,"column":69}},{"start":{},"end":{}}],"line":280},"39":{"loc":{"start":{"line":288,"column":2},"end":{"line":288,"column":69}},"type":"if","locations":[{"start":{"line":288,"column":2},"end":{"line":288,"column":69}},{"start":{},"end":{}}],"line":288},"40":{"loc":{"start":{"line":294,"column":2},"end":{"line":295,"column":85}},"type":"if","locations":[{"start":{"line":294,"column":2},"end":{"line":295,"column":85}},{"start":{},"end":{}}],"line":294},"41":{"loc":{"start":{"line":294,"column":6},"end":{"line":294,"column":35}},"type":"binary-expr","locations":[{"start":{"line":294,"column":6},"end":{"line":294,"column":10}},{"start":{"line":294,"column":14},"end":{"line":294,"column":21}},{"start":{"line":294,"column":25},"end":{"line":294,"column":35}}],"line":294},"42":{"loc":{"start":{"line":298,"column":2},"end":{"line":298,"column":69}},"type":"if","locations":[{"start":{"line":298,"column":2},"end":{"line":298,"column":69}},{"start":{},"end":{}}],"line":298},"43":{"loc":{"start":{"line":308,"column":2},"end":{"line":308,"column":69}},"type":"if","locations":[{"start":{"line":308,"column":2},"end":{"line":308,"column":69}},{"start":{},"end":{}}],"line":308},"44":{"loc":{"start":{"line":314,"column":2},"end":{"line":315,"column":86}},"type":"if","locations":[{"start":{"line":314,"column":2},"end":{"line":315,"column":86}},{"start":{},"end":{}}],"line":314},"45":{"loc":{"start":{"line":314,"column":6},"end":{"line":314,"column":33}},"type":"binary-expr","locations":[{"start":{"line":314,"column":6},"end":{"line":314,"column":18}},{"start":{"line":314,"column":22},"end":{"line":314,"column":33}}],"line":314},"46":{"loc":{"start":{"line":319,"column":2},"end":{"line":319,"column":69}},"type":"if","locations":[{"start":{"line":319,"column":2},"end":{"line":319,"column":69}},{"start":{},"end":{}}],"line":319},"47":{"loc":{"start":{"line":330,"column":2},"end":{"line":330,"column":69}},"type":"if","locations":[{"start":{"line":330,"column":2},"end":{"line":330,"column":69}},{"start":{},"end":{}}],"line":330},"48":{"loc":{"start":{"line":338,"column":0},"end":{"line":343,"column":1}},"type":"if","locations":[{"start":{"line":338,"column":0},"end":{"line":343,"column":1}},{"start":{},"end":{}}],"line":338}},"s":{"0":1,"1":1,"2":1,"3":1,"4":1,"5":1,"6":1,"7":11,"8":11,"9":11,"10":11,"11":11,"12":0,"13":11,"14":1,"15":1,"16":0,"17":1,"18":1,"19":1,"20":1,"21":1,"22":1,"23":0,"24":1,"25":11,"26":3,"27":8,"28":8,"29":1,"30":7,"31":7,"32":7,"33":1,"34":6,"35":6,"36":1,"37":1,"38":1,"39":1,"40":0,"41":1,"42":1,"43":0,"44":1,"45":1,"46":2,"47":2,"48":0,"49":2,"50":2,"51":1,"52":1,"53":1,"54":0,"55":0,"56":0,"57":1,"58":0,"59":1,"60":2,"61":2,"62":0,"63":2,"64":1,"65":0,"66":0,"67":0,"68":0,"69":1,"70":1,"71":1,"72":0,"73":1,"74":1,"75":0,"76":1,"77":1,"78":0,"79":0,"80":0,"81":0,"82":0,"83":1,"84":0,"85":0,"86":0,"87":0,"88":1,"89":0,"90":0,"91":0,"92":0,"93":1,"94":0,"95":0,"96":0,"97":0,"98":1,"99":0,"100":0,"101":0,"102":0,"103":1,"104":0,"105":0,"106":0,"107":0,"108":0,"109":0,"110":0,"111":1,"112":0,"113":0,"114":0,"115":0,"116":1,"117":1,"118":1,"119":1,"120":0,"121":1,"122":0,"123":0,"124":0,"125":0,"126":0,"127":0,"128":0,"129":1,"130":0,"131":0,"132":0,"133":0,"134":0,"135":1,"136":1,"137":1,"138":0,"139":1,"140":1,"141":0,"142":0,"143":0,"144":0,"145":1,"146":0,"147":0,"148":0,"149":0,"150":1,"151":1,"152":1,"153":0,"154":1,"155":2,"156":1,"157":1,"158":0,"159":1,"160":2,"161":1,"162":1,"163":0,"164":1,"165":1,"166":0,"167":0,"168":0,"169":0,"170":0,"171":0,"172":0,"173":0,"174":1,"175":0,"176":0,"177":0,"178":0,"179":1,"180":0,"181":0,"182":0,"183":0,"184":0,"185":0,"186":0,"187":1,"188":0,"189":0,"190":0,"191":0,"192":1,"193":0,"194":0,"195":0,"196":0,"197":0,"198":0,"199":0,"200":0,"201":1,"202":0,"203":0,"204":0,"205":0,"206":0,"207":0,"208":1,"209":0,"210":0,"211":0,"212":1},"f":{"0":11,"1":0,"2":11,"3":1,"4":2,"5":0,"6":0,"7":2,"8":0,"9":1,"10":0,"11":0,"12":0,"13":0,"14":0,"15":0,"16":0,"17":1,"18":0,"19":0,"20":1,"21":0,"22":0,"23":1,"24":2,"25":2,"26":0,"27":0,"28":0,"29":0,"30":0,"31":0,"32":0},"b":{"0":[0,11],"1":[3,8],"2":[1,7],"3":[1,6],"4":[7,6],"5":[0,1],"6":[1,1],"7":[0,1],"8":[0,2],"9":[2,2],"10":[1,1],"11":[0,2],"12":[0,0],"13":[0,1],"14":[1,1,1],"15":[0,1],"16":[0,0],"17":[0,0],"18":[0,0],"19":[0,0],"20":[0,0],"21":[0,0],"22":[0,0],"23":[0,0],"24":[0,0],"25":[1,0],"26":[0,0],"27":[0,0,0],"28":[0,0],"29":[0,0],"30":[0,1],"31":[0,0],"32":[0,0],"33":[0,1],"34":[1,1,1,1],"35":[0,1],"36":[0,1],"37":[0,0],"38":[0,0],"39":[0,0],"40":[0,0],"41":[0,0,0],"42":[0,0],"43":[0,0],"44":[0,0],"45":[0,0],"46":[0,0],"47":[0,0],"48":[0,1]},"_coverageSchema":"1a1c01bbd47fc00a2c39e90264f33305004495a9","hash":"43e83948b3c9c37ee8125bdefe5fdf9ca8ca3dd4"}
}
