{"C:\\Projets\\Dark kitchen\\API-Test\\server.js": {"path":"C:\\Projets\\Dark kitchen\\API-Test\\server.js","statementMap":{"0":{"start":{"line":1,"column":16},"end":{"line":1,"column":34}},"1":{"start":{"line":2,"column":18},"end":{"line":2,"column":47}},"2":{"start":{"line":3,"column":13},"end":{"line":3,"column":30}},"3":{"start":{"line":4,"column":25},"end":{"line":4,"column":57}},"4":{"start":{"line":6,"column":12},"end":{"line":6,"column":21}},"5":{"start":{"line":7,"column":13},"end":{"line":7,"column":17}},"6":{"start":{"line":10,"column":0},"end":{"line":19,"column":3}},"7":{"start":{"line":11,"column":2},"end":{"line":11,"column":95}},"8":{"start":{"line":12,"column":2},"end":{"line":12,"column":49}},"9":{"start":{"line":13,"column":2},"end":{"line":13,"column":110}},"10":{"start":{"line":14,"column":2},"end":{"line":14,"column":87}},"11":{"start":{"line":15,"column":2},"end":{"line":17,"column":3}},"12":{"start":{"line":16,"column":4},"end":{"line":16,"column":31}},"13":{"start":{"line":18,"column":2},"end":{"line":18,"column":9}},"14":{"start":{"line":21,"column":0},"end":{"line":21,"column":24}},"15":{"start":{"line":23,"column":0},"end":{"line":25,"column":3}},"16":{"start":{"line":24,"column":2},"end":{"line":24,"column":55}},"17":{"start":{"line":27,"column":21},"end":{"line":27,"column":63}},"18":{"start":{"line":28,"column":21},"end":{"line":28,"column":69}},"19":{"start":{"line":29,"column":17},"end":{"line":29,"column":57}},"20":{"start":{"line":31,"column":0},"end":{"line":36,"column":1}},"21":{"start":{"line":32,"column":26},"end":{"line":32,"column":53}},"22":{"start":{"line":33,"column":2},"end":{"line":33,"column":74}},"23":{"start":{"line":35,"column":2},"end":{"line":35,"column":99}},"24":{"start":{"line":43,"column":22},"end":{"line":63,"column":1}},"25":{"start":{"line":45,"column":2},"end":{"line":45,"column":50}},"26":{"start":{"line":45,"column":36},"end":{"line":45,"column":50}},"27":{"start":{"line":46,"column":21},"end":{"line":46,"column":49}},"28":{"start":{"line":47,"column":2},"end":{"line":49,"column":3}},"29":{"start":{"line":48,"column":4},"end":{"line":48,"column":112}},"30":{"start":{"line":51,"column":16},"end":{"line":51,"column":40}},"31":{"start":{"line":54,"column":36},"end":{"line":54,"column":70}},"32":{"start":{"line":56,"column":2},"end":{"line":58,"column":3}},"33":{"start":{"line":57,"column":4},"end":{"line":57,"column":73}},"34":{"start":{"line":61,"column":2},"end":{"line":61,"column":18}},"35":{"start":{"line":62,"column":2},"end":{"line":62,"column":9}},"36":{"start":{"line":66,"column":0},"end":{"line":66,"column":31}},"37":{"start":{"line":73,"column":0},"end":{"line":86,"column":3}},"38":{"start":{"line":74,"column":30},"end":{"line":74,"column":38}},"39":{"start":{"line":75,"column":2},"end":{"line":76,"column":78}},"40":{"start":{"line":76,"column":4},"end":{"line":76,"column":78}},"41":{"start":{"line":78,"column":26},"end":{"line":78,"column":73}},"42":{"start":{"line":80,"column":2},"end":{"line":80,"column":69}},"43":{"start":{"line":80,"column":13},"end":{"line":80,"column":69}},"44":{"start":{"line":82,"column":2},"end":{"line":85,"column":5}},"45":{"start":{"line":89,"column":0},"end":{"line":104,"column":3}},"46":{"start":{"line":90,"column":30},"end":{"line":90,"column":38}},"47":{"start":{"line":91,"column":2},"end":{"line":92,"column":78}},"48":{"start":{"line":92,"column":4},"end":{"line":92,"column":78}},"49":{"start":{"line":94,"column":26},"end":{"line":94,"column":85}},"50":{"start":{"line":96,"column":2},"end":{"line":96,"column":69}},"51":{"start":{"line":96,"column":13},"end":{"line":96,"column":69}},"52":{"start":{"line":98,"column":2},"end":{"line":103,"column":5}},"53":{"start":{"line":107,"column":0},"end":{"line":111,"column":3}},"54":{"start":{"line":108,"column":16},"end":{"line":108,"column":59}},"55":{"start":{"line":109,"column":2},"end":{"line":109,"column":43}},"56":{"start":{"line":110,"column":2},"end":{"line":110,"column":50}},"57":{"start":{"line":114,"column":0},"end":{"line":127,"column":3}},"58":{"start":{"line":115,"column":20},"end":{"line":115,"column":28}},"59":{"start":{"line":116,"column":2},"end":{"line":117,"column":65}},"60":{"start":{"line":117,"column":4},"end":{"line":117,"column":65}},"61":{"start":{"line":119,"column":26},"end":{"line":122,"column":4}},"62":{"start":{"line":124,"column":2},"end":{"line":124,"column":69}},"63":{"start":{"line":124,"column":13},"end":{"line":124,"column":69}},"64":{"start":{"line":126,"column":2},"end":{"line":126,"column":69}},"65":{"start":{"line":130,"column":0},"end":{"line":140,"column":3}},"66":{"start":{"line":131,"column":20},"end":{"line":131,"column":28}},"67":{"start":{"line":132,"column":2},"end":{"line":133,"column":65}},"68":{"start":{"line":133,"column":4},"end":{"line":133,"column":65}},"69":{"start":{"line":135,"column":26},"end":{"line":135,"column":74}},"70":{"start":{"line":137,"column":2},"end":{"line":137,"column":69}},"71":{"start":{"line":137,"column":13},"end":{"line":137,"column":69}},"72":{"start":{"line":139,"column":2},"end":{"line":139,"column":72}},"73":{"start":{"line":143,"column":0},"end":{"line":153,"column":3}},"74":{"start":{"line":144,"column":20},"end":{"line":144,"column":28}},"75":{"start":{"line":145,"column":2},"end":{"line":146,"column":75}},"76":{"start":{"line":146,"column":4},"end":{"line":146,"column":75}},"77":{"start":{"line":148,"column":26},"end":{"line":148,"column":74}},"78":{"start":{"line":150,"column":2},"end":{"line":150,"column":69}},"79":{"start":{"line":150,"column":13},"end":{"line":150,"column":69}},"80":{"start":{"line":152,"column":2},"end":{"line":152,"column":87}},"81":{"start":{"line":156,"column":0},"end":{"line":164,"column":3}},"82":{"start":{"line":157,"column":18},"end":{"line":157,"column":29}},"83":{"start":{"line":159,"column":26},"end":{"line":159,"column":71}},"84":{"start":{"line":161,"column":2},"end":{"line":161,"column":69}},"85":{"start":{"line":161,"column":13},"end":{"line":161,"column":69}},"86":{"start":{"line":163,"column":2},"end":{"line":163,"column":55}},"87":{"start":{"line":167,"column":0},"end":{"line":169,"column":3}},"88":{"start":{"line":168,"column":2},"end":{"line":168,"column":31}},"89":{"start":{"line":173,"column":0},"end":{"line":177,"column":3}},"90":{"start":{"line":174,"column":26},"end":{"line":174,"column":68}},"91":{"start":{"line":175,"column":2},"end":{"line":175,"column":69}},"92":{"start":{"line":175,"column":13},"end":{"line":175,"column":69}},"93":{"start":{"line":176,"column":2},"end":{"line":176,"column":17}},"94":{"start":{"line":179,"column":0},"end":{"line":184,"column":3}},"95":{"start":{"line":180,"column":26},"end":{"line":181,"column":65}},"96":{"start":{"line":182,"column":2},"end":{"line":182,"column":75}},"97":{"start":{"line":182,"column":13},"end":{"line":182,"column":75}},"98":{"start":{"line":183,"column":2},"end":{"line":183,"column":17}},"99":{"start":{"line":186,"column":0},"end":{"line":194,"column":3}},"100":{"start":{"line":187,"column":53},"end":{"line":187,"column":61}},"101":{"start":{"line":188,"column":2},"end":{"line":189,"column":81}},"102":{"start":{"line":189,"column":4},"end":{"line":189,"column":81}},"103":{"start":{"line":190,"column":26},"end":{"line":191,"column":91}},"104":{"start":{"line":192,"column":2},"end":{"line":192,"column":69}},"105":{"start":{"line":192,"column":13},"end":{"line":192,"column":69}},"106":{"start":{"line":193,"column":2},"end":{"line":193,"column":29}},"107":{"start":{"line":196,"column":0},"end":{"line":203,"column":3}},"108":{"start":{"line":197,"column":53},"end":{"line":197,"column":61}},"109":{"start":{"line":198,"column":26},"end":{"line":200,"column":46}},"110":{"start":{"line":201,"column":2},"end":{"line":201,"column":69}},"111":{"start":{"line":201,"column":13},"end":{"line":201,"column":69}},"112":{"start":{"line":202,"column":2},"end":{"line":202,"column":17}},"113":{"start":{"line":205,"column":0},"end":{"line":209,"column":3}},"114":{"start":{"line":206,"column":20},"end":{"line":206,"column":83}},"115":{"start":{"line":207,"column":2},"end":{"line":207,"column":69}},"116":{"start":{"line":207,"column":13},"end":{"line":207,"column":69}},"117":{"start":{"line":208,"column":2},"end":{"line":208,"column":65}},"118":{"start":{"line":213,"column":0},"end":{"line":217,"column":3}},"119":{"start":{"line":214,"column":26},"end":{"line":214,"column":72}},"120":{"start":{"line":215,"column":2},"end":{"line":215,"column":69}},"121":{"start":{"line":215,"column":13},"end":{"line":215,"column":69}},"122":{"start":{"line":216,"column":2},"end":{"line":216,"column":17}},"123":{"start":{"line":219,"column":0},"end":{"line":224,"column":3}},"124":{"start":{"line":220,"column":26},"end":{"line":221,"column":69}},"125":{"start":{"line":222,"column":2},"end":{"line":222,"column":79}},"126":{"start":{"line":222,"column":13},"end":{"line":222,"column":79}},"127":{"start":{"line":223,"column":2},"end":{"line":223,"column":17}},"128":{"start":{"line":226,"column":0},"end":{"line":231,"column":3}},"129":{"start":{"line":227,"column":26},"end":{"line":228,"column":68}},"130":{"start":{"line":229,"column":2},"end":{"line":229,"column":69}},"131":{"start":{"line":229,"column":13},"end":{"line":229,"column":69}},"132":{"start":{"line":230,"column":2},"end":{"line":230,"column":17}},"133":{"start":{"line":233,"column":0},"end":{"line":241,"column":3}},"134":{"start":{"line":234,"column":27},"end":{"line":234,"column":35}},"135":{"start":{"line":235,"column":2},"end":{"line":236,"column":75}},"136":{"start":{"line":236,"column":4},"end":{"line":236,"column":75}},"137":{"start":{"line":237,"column":26},"end":{"line":238,"column":69}},"138":{"start":{"line":239,"column":2},"end":{"line":239,"column":69}},"139":{"start":{"line":239,"column":13},"end":{"line":239,"column":69}},"140":{"start":{"line":240,"column":2},"end":{"line":240,"column":29}},"141":{"start":{"line":245,"column":0},"end":{"line":249,"column":3}},"142":{"start":{"line":246,"column":26},"end":{"line":246,"column":69}},"143":{"start":{"line":247,"column":2},"end":{"line":247,"column":69}},"144":{"start":{"line":247,"column":13},"end":{"line":247,"column":69}},"145":{"start":{"line":248,"column":2},"end":{"line":248,"column":17}},"146":{"start":{"line":251,"column":0},"end":{"line":256,"column":3}},"147":{"start":{"line":252,"column":26},"end":{"line":253,"column":66}},"148":{"start":{"line":254,"column":2},"end":{"line":254,"column":76}},"149":{"start":{"line":254,"column":13},"end":{"line":254,"column":76}},"150":{"start":{"line":255,"column":2},"end":{"line":255,"column":17}},"151":{"start":{"line":258,"column":0},"end":{"line":266,"column":3}},"152":{"start":{"line":259,"column":63},"end":{"line":259,"column":71}},"153":{"start":{"line":260,"column":2},"end":{"line":261,"column":87}},"154":{"start":{"line":261,"column":4},"end":{"line":261,"column":87}},"155":{"start":{"line":262,"column":26},"end":{"line":263,"column":102}},"156":{"start":{"line":264,"column":2},"end":{"line":264,"column":69}},"157":{"start":{"line":264,"column":13},"end":{"line":264,"column":69}},"158":{"start":{"line":265,"column":2},"end":{"line":265,"column":29}},"159":{"start":{"line":268,"column":0},"end":{"line":275,"column":3}},"160":{"start":{"line":269,"column":60},"end":{"line":269,"column":68}},"161":{"start":{"line":270,"column":26},"end":{"line":272,"column":46}},"162":{"start":{"line":273,"column":2},"end":{"line":273,"column":69}},"163":{"start":{"line":273,"column":13},"end":{"line":273,"column":69}},"164":{"start":{"line":274,"column":2},"end":{"line":274,"column":17}},"165":{"start":{"line":277,"column":0},"end":{"line":281,"column":3}},"166":{"start":{"line":278,"column":20},"end":{"line":278,"column":84}},"167":{"start":{"line":279,"column":2},"end":{"line":279,"column":69}},"168":{"start":{"line":279,"column":13},"end":{"line":279,"column":69}},"169":{"start":{"line":280,"column":2},"end":{"line":280,"column":66}},"170":{"start":{"line":285,"column":0},"end":{"line":291,"column":3}},"171":{"start":{"line":286,"column":26},"end":{"line":288,"column":116}},"172":{"start":{"line":289,"column":2},"end":{"line":289,"column":69}},"173":{"start":{"line":289,"column":13},"end":{"line":289,"column":69}},"174":{"start":{"line":290,"column":2},"end":{"line":290,"column":17}},"175":{"start":{"line":293,"column":0},"end":{"line":300,"column":3}},"176":{"start":{"line":294,"column":26},"end":{"line":297,"column":37}},"177":{"start":{"line":298,"column":2},"end":{"line":298,"column":78}},"178":{"start":{"line":298,"column":13},"end":{"line":298,"column":78}},"179":{"start":{"line":299,"column":2},"end":{"line":299,"column":17}},"180":{"start":{"line":302,"column":0},"end":{"line":324,"column":3}},"181":{"start":{"line":303,"column":68},"end":{"line":303,"column":76}},"182":{"start":{"line":304,"column":2},"end":{"line":305,"column":116}},"183":{"start":{"line":305,"column":4},"end":{"line":305,"column":116}},"184":{"start":{"line":307,"column":16},"end":{"line":307,"column":82}},"185":{"start":{"line":307,"column":44},"end":{"line":307,"column":78}},"186":{"start":{"line":309,"column":49},"end":{"line":310,"column":105}},"187":{"start":{"line":311,"column":2},"end":{"line":311,"column":81}},"188":{"start":{"line":311,"column":19},"end":{"line":311,"column":81}},"189":{"start":{"line":313,"column":17},"end":{"line":318,"column":5}},"190":{"start":{"line":313,"column":36},"end":{"line":318,"column":3}},"191":{"start":{"line":320,"column":31},"end":{"line":320,"column":87}},"192":{"start":{"line":321,"column":2},"end":{"line":321,"column":77}},"193":{"start":{"line":321,"column":17},"end":{"line":321,"column":77}},"194":{"start":{"line":323,"column":2},"end":{"line":323,"column":33}},"195":{"start":{"line":326,"column":0},"end":{"line":335,"column":3}},"196":{"start":{"line":327,"column":21},"end":{"line":327,"column":29}},"197":{"start":{"line":328,"column":18},"end":{"line":328,"column":96}},"198":{"start":{"line":329,"column":2},"end":{"line":330,"column":107}},"199":{"start":{"line":330,"column":4},"end":{"line":330,"column":107}},"200":{"start":{"line":331,"column":26},"end":{"line":332,"column":83}},"201":{"start":{"line":333,"column":2},"end":{"line":333,"column":69}},"202":{"start":{"line":333,"column":13},"end":{"line":333,"column":69}},"203":{"start":{"line":334,"column":2},"end":{"line":334,"column":17}},"204":{"start":{"line":339,"column":0},"end":{"line":343,"column":3}},"205":{"start":{"line":340,"column":26},"end":{"line":340,"column":69}},"206":{"start":{"line":341,"column":2},"end":{"line":341,"column":69}},"207":{"start":{"line":341,"column":13},"end":{"line":341,"column":69}},"208":{"start":{"line":342,"column":2},"end":{"line":342,"column":17}},"209":{"start":{"line":345,"column":0},"end":{"line":353,"column":3}},"210":{"start":{"line":346,"column":37},"end":{"line":346,"column":45}},"211":{"start":{"line":347,"column":2},"end":{"line":348,"column":85}},"212":{"start":{"line":348,"column":4},"end":{"line":348,"column":85}},"213":{"start":{"line":349,"column":26},"end":{"line":350,"column":76}},"214":{"start":{"line":351,"column":2},"end":{"line":351,"column":69}},"215":{"start":{"line":351,"column":13},"end":{"line":351,"column":69}},"216":{"start":{"line":352,"column":2},"end":{"line":352,"column":29}},"217":{"start":{"line":357,"column":0},"end":{"line":363,"column":3}},"218":{"start":{"line":358,"column":26},"end":{"line":360,"column":81}},"219":{"start":{"line":361,"column":2},"end":{"line":361,"column":69}},"220":{"start":{"line":361,"column":13},"end":{"line":361,"column":69}},"221":{"start":{"line":362,"column":2},"end":{"line":362,"column":17}},"222":{"start":{"line":365,"column":0},"end":{"line":376,"column":3}},"223":{"start":{"line":366,"column":38},"end":{"line":366,"column":46}},"224":{"start":{"line":367,"column":2},"end":{"line":368,"column":86}},"225":{"start":{"line":368,"column":4},"end":{"line":368,"column":86}},"226":{"start":{"line":370,"column":26},"end":{"line":371,"column":105}},"227":{"start":{"line":372,"column":2},"end":{"line":372,"column":69}},"228":{"start":{"line":372,"column":13},"end":{"line":372,"column":69}},"229":{"start":{"line":374,"column":2},"end":{"line":374,"column":90}},"230":{"start":{"line":375,"column":2},"end":{"line":375,"column":29}},"231":{"start":{"line":378,"column":0},"end":{"line":388,"column":3}},"232":{"start":{"line":379,"column":37},"end":{"line":382,"column":46}},"233":{"start":{"line":383,"column":2},"end":{"line":383,"column":69}},"234":{"start":{"line":383,"column":13},"end":{"line":383,"column":69}},"235":{"start":{"line":385,"column":2},"end":{"line":385,"column":98}},"236":{"start":{"line":386,"column":2},"end":{"line":386,"column":96}},"237":{"start":{"line":387,"column":2},"end":{"line":387,"column":22}},"238":{"start":{"line":391,"column":0},"end":{"line":396,"column":1}},"239":{"start":{"line":392,"column":2},"end":{"line":395,"column":5}},"240":{"start":{"line":393,"column":4},"end":{"line":393,"column":64}},"241":{"start":{"line":394,"column":4},"end":{"line":394,"column":81}},"242":{"start":{"line":398,"column":0},"end":{"line":398,"column":21}}},"fnMap":{"0":{"name":"(anonymous_0)","decl":{"start":{"line":10,"column":8},"end":{"line":10,"column":9}},"loc":{"start":{"line":10,"column":28},"end":{"line":19,"column":1}},"line":10},"1":{"name":"(anonymous_1)","decl":{"start":{"line":23,"column":13},"end":{"line":23,"column":14}},"loc":{"start":{"line":23,"column":27},"end":{"line":25,"column":1}},"line":23},"2":{"name":"(anonymous_2)","decl":{"start":{"line":43,"column":22},"end":{"line":43,"column":23}},"loc":{"start":{"line":43,"column":48},"end":{"line":63,"column":1}},"line":43},"3":{"name":"(anonymous_3)","decl":{"start":{"line":73,"column":31},"end":{"line":73,"column":32}},"loc":{"start":{"line":73,"column":51},"end":{"line":86,"column":1}},"line":73},"4":{"name":"(anonymous_4)","decl":{"start":{"line":89,"column":28},"end":{"line":89,"column":29}},"loc":{"start":{"line":89,"column":48},"end":{"line":104,"column":1}},"line":89},"5":{"name":"(anonymous_5)","decl":{"start":{"line":107,"column":29},"end":{"line":107,"column":30}},"loc":{"start":{"line":107,"column":49},"end":{"line":111,"column":1}},"line":107},"6":{"name":"(anonymous_6)","decl":{"start":{"line":114,"column":42},"end":{"line":114,"column":43}},"loc":{"start":{"line":114,"column":62},"end":{"line":127,"column":1}},"line":114},"7":{"name":"(anonymous_7)","decl":{"start":{"line":130,"column":37},"end":{"line":130,"column":38}},"loc":{"start":{"line":130,"column":57},"end":{"line":140,"column":1}},"line":130},"8":{"name":"(anonymous_8)","decl":{"start":{"line":143,"column":34},"end":{"line":143,"column":35}},"loc":{"start":{"line":143,"column":54},"end":{"line":153,"column":1}},"line":143},"9":{"name":"(anonymous_9)","decl":{"start":{"line":156,"column":39},"end":{"line":156,"column":40}},"loc":{"start":{"line":156,"column":59},"end":{"line":164,"column":1}},"line":156},"10":{"name":"(anonymous_10)","decl":{"start":{"line":167,"column":24},"end":{"line":167,"column":25}},"loc":{"start":{"line":167,"column":44},"end":{"line":169,"column":1}},"line":167},"11":{"name":"(anonymous_11)","decl":{"start":{"line":173,"column":24},"end":{"line":173,"column":25}},"loc":{"start":{"line":173,"column":44},"end":{"line":177,"column":1}},"line":173},"12":{"name":"(anonymous_12)","decl":{"start":{"line":179,"column":28},"end":{"line":179,"column":29}},"loc":{"start":{"line":179,"column":48},"end":{"line":184,"column":1}},"line":179},"13":{"name":"(anonymous_13)","decl":{"start":{"line":186,"column":25},"end":{"line":186,"column":26}},"loc":{"start":{"line":186,"column":45},"end":{"line":194,"column":1}},"line":186},"14":{"name":"(anonymous_14)","decl":{"start":{"line":196,"column":28},"end":{"line":196,"column":29}},"loc":{"start":{"line":196,"column":48},"end":{"line":203,"column":1}},"line":196},"15":{"name":"(anonymous_15)","decl":{"start":{"line":205,"column":31},"end":{"line":205,"column":32}},"loc":{"start":{"line":205,"column":51},"end":{"line":209,"column":1}},"line":205},"16":{"name":"(anonymous_16)","decl":{"start":{"line":213,"column":28},"end":{"line":213,"column":29}},"loc":{"start":{"line":213,"column":48},"end":{"line":217,"column":1}},"line":213},"17":{"name":"(anonymous_17)","decl":{"start":{"line":219,"column":32},"end":{"line":219,"column":33}},"loc":{"start":{"line":219,"column":52},"end":{"line":224,"column":1}},"line":219},"18":{"name":"(anonymous_18)","decl":{"start":{"line":226,"column":41},"end":{"line":226,"column":42}},"loc":{"start":{"line":226,"column":61},"end":{"line":231,"column":1}},"line":226},"19":{"name":"(anonymous_19)","decl":{"start":{"line":233,"column":29},"end":{"line":233,"column":30}},"loc":{"start":{"line":233,"column":49},"end":{"line":241,"column":1}},"line":233},"20":{"name":"(anonymous_20)","decl":{"start":{"line":245,"column":25},"end":{"line":245,"column":26}},"loc":{"start":{"line":245,"column":45},"end":{"line":249,"column":1}},"line":245},"21":{"name":"(anonymous_21)","decl":{"start":{"line":251,"column":29},"end":{"line":251,"column":30}},"loc":{"start":{"line":251,"column":49},"end":{"line":256,"column":1}},"line":251},"22":{"name":"(anonymous_22)","decl":{"start":{"line":258,"column":26},"end":{"line":258,"column":27}},"loc":{"start":{"line":258,"column":46},"end":{"line":266,"column":1}},"line":258},"23":{"name":"(anonymous_23)","decl":{"start":{"line":268,"column":29},"end":{"line":268,"column":30}},"loc":{"start":{"line":268,"column":49},"end":{"line":275,"column":1}},"line":268},"24":{"name":"(anonymous_24)","decl":{"start":{"line":277,"column":32},"end":{"line":277,"column":33}},"loc":{"start":{"line":277,"column":52},"end":{"line":281,"column":1}},"line":277},"25":{"name":"(anonymous_25)","decl":{"start":{"line":285,"column":26},"end":{"line":285,"column":27}},"loc":{"start":{"line":285,"column":46},"end":{"line":291,"column":1}},"line":285},"26":{"name":"(anonymous_26)","decl":{"start":{"line":293,"column":30},"end":{"line":293,"column":31}},"loc":{"start":{"line":293,"column":50},"end":{"line":300,"column":1}},"line":293},"27":{"name":"(anonymous_27)","decl":{"start":{"line":302,"column":27},"end":{"line":302,"column":28}},"loc":{"start":{"line":302,"column":47},"end":{"line":324,"column":1}},"line":302},"28":{"name":"(anonymous_28)","decl":{"start":{"line":307,"column":32},"end":{"line":307,"column":33}},"loc":{"start":{"line":307,"column":44},"end":{"line":307,"column":78}},"line":307},"29":{"name":"(anonymous_29)","decl":{"start":{"line":313,"column":30},"end":{"line":313,"column":31}},"loc":{"start":{"line":313,"column":36},"end":{"line":318,"column":3}},"line":313},"30":{"name":"(anonymous_30)","decl":{"start":{"line":326,"column":39},"end":{"line":326,"column":40}},"loc":{"start":{"line":326,"column":59},"end":{"line":335,"column":1}},"line":326},"31":{"name":"(anonymous_31)","decl":{"start":{"line":339,"column":25},"end":{"line":339,"column":26}},"loc":{"start":{"line":339,"column":45},"end":{"line":343,"column":1}},"line":339},"32":{"name":"(anonymous_32)","decl":{"start":{"line":345,"column":26},"end":{"line":345,"column":27}},"loc":{"start":{"line":345,"column":46},"end":{"line":353,"column":1}},"line":345},"33":{"name":"(anonymous_33)","decl":{"start":{"line":357,"column":27},"end":{"line":357,"column":28}},"loc":{"start":{"line":357,"column":47},"end":{"line":363,"column":1}},"line":357},"34":{"name":"(anonymous_34)","decl":{"start":{"line":365,"column":28},"end":{"line":365,"column":29}},"loc":{"start":{"line":365,"column":48},"end":{"line":376,"column":1}},"line":365},"35":{"name":"(anonymous_35)","decl":{"start":{"line":378,"column":40},"end":{"line":378,"column":41}},"loc":{"start":{"line":378,"column":60},"end":{"line":388,"column":1}},"line":378},"36":{"name":"(anonymous_36)","decl":{"start":{"line":392,"column":19},"end":{"line":392,"column":20}},"loc":{"start":{"line":392,"column":25},"end":{"line":395,"column":3}},"line":392}},"branchMap":{"0":{"loc":{"start":{"line":15,"column":2},"end":{"line":17,"column":3}},"type":"if","locations":[{"start":{"line":15,"column":2},"end":{"line":17,"column":3}},{"start":{},"end":{}}],"line":15},"1":{"loc":{"start":{"line":45,"column":2},"end":{"line":45,"column":50}},"type":"if","locations":[{"start":{"line":45,"column":2},"end":{"line":45,"column":50}},{"start":{},"end":{}}],"line":45},"2":{"loc":{"start":{"line":47,"column":2},"end":{"line":49,"column":3}},"type":"if","locations":[{"start":{"line":47,"column":2},"end":{"line":49,"column":3}},{"start":{},"end":{}}],"line":47},"3":{"loc":{"start":{"line":56,"column":2},"end":{"line":58,"column":3}},"type":"if","locations":[{"start":{"line":56,"column":2},"end":{"line":58,"column":3}},{"start":{},"end":{}}],"line":56},"4":{"loc":{"start":{"line":56,"column":6},"end":{"line":56,"column":20}},"type":"binary-expr","locations":[{"start":{"line":56,"column":6},"end":{"line":56,"column":11}},{"start":{"line":56,"column":15},"end":{"line":56,"column":20}}],"line":56},"5":{"loc":{"start":{"line":75,"column":2},"end":{"line":76,"column":78}},"type":"if","locations":[{"start":{"line":75,"column":2},"end":{"line":76,"column":78}},{"start":{},"end":{}}],"line":75},"6":{"loc":{"start":{"line":75,"column":6},"end":{"line":75,"column":25}},"type":"binary-expr","locations":[{"start":{"line":75,"column":6},"end":{"line":75,"column":12}},{"start":{"line":75,"column":16},"end":{"line":75,"column":25}}],"line":75},"7":{"loc":{"start":{"line":80,"column":2},"end":{"line":80,"column":69}},"type":"if","locations":[{"start":{"line":80,"column":2},"end":{"line":80,"column":69}},{"start":{},"end":{}}],"line":80},"8":{"loc":{"start":{"line":91,"column":2},"end":{"line":92,"column":78}},"type":"if","locations":[{"start":{"line":91,"column":2},"end":{"line":92,"column":78}},{"start":{},"end":{}}],"line":91},"9":{"loc":{"start":{"line":91,"column":6},"end":{"line":91,"column":25}},"type":"binary-expr","locations":[{"start":{"line":91,"column":6},"end":{"line":91,"column":12}},{"start":{"line":91,"column":16},"end":{"line":91,"column":25}}],"line":91},"10":{"loc":{"start":{"line":96,"column":2},"end":{"line":96,"column":69}},"type":"if","locations":[{"start":{"line":96,"column":2},"end":{"line":96,"column":69}},{"start":{},"end":{}}],"line":96},"11":{"loc":{"start":{"line":116,"column":2},"end":{"line":117,"column":65}},"type":"if","locations":[{"start":{"line":116,"column":2},"end":{"line":117,"column":65}},{"start":{},"end":{}}],"line":116},"12":{"loc":{"start":{"line":124,"column":2},"end":{"line":124,"column":69}},"type":"if","locations":[{"start":{"line":124,"column":2},"end":{"line":124,"column":69}},{"start":{},"end":{}}],"line":124},"13":{"loc":{"start":{"line":132,"column":2},"end":{"line":133,"column":65}},"type":"if","locations":[{"start":{"line":132,"column":2},"end":{"line":133,"column":65}},{"start":{},"end":{}}],"line":132},"14":{"loc":{"start":{"line":137,"column":2},"end":{"line":137,"column":69}},"type":"if","locations":[{"start":{"line":137,"column":2},"end":{"line":137,"column":69}},{"start":{},"end":{}}],"line":137},"15":{"loc":{"start":{"line":145,"column":2},"end":{"line":146,"column":75}},"type":"if","locations":[{"start":{"line":145,"column":2},"end":{"line":146,"column":75}},{"start":{},"end":{}}],"line":145},"16":{"loc":{"start":{"line":150,"column":2},"end":{"line":150,"column":69}},"type":"if","locations":[{"start":{"line":150,"column":2},"end":{"line":150,"column":69}},{"start":{},"end":{}}],"line":150},"17":{"loc":{"start":{"line":161,"column":2},"end":{"line":161,"column":69}},"type":"if","locations":[{"start":{"line":161,"column":2},"end":{"line":161,"column":69}},{"start":{},"end":{}}],"line":161},"18":{"loc":{"start":{"line":175,"column":2},"end":{"line":175,"column":69}},"type":"if","locations":[{"start":{"line":175,"column":2},"end":{"line":175,"column":69}},{"start":{},"end":{}}],"line":175},"19":{"loc":{"start":{"line":182,"column":2},"end":{"line":182,"column":75}},"type":"if","locations":[{"start":{"line":182,"column":2},"end":{"line":182,"column":75}},{"start":{},"end":{}}],"line":182},"20":{"loc":{"start":{"line":188,"column":2},"end":{"line":189,"column":81}},"type":"if","locations":[{"start":{"line":188,"column":2},"end":{"line":189,"column":81}},{"start":{},"end":{}}],"line":188},"21":{"loc":{"start":{"line":188,"column":6},"end":{"line":188,"column":31}},"type":"binary-expr","locations":[{"start":{"line":188,"column":6},"end":{"line":188,"column":10}},{"start":{"line":188,"column":14},"end":{"line":188,"column":21}},{"start":{"line":188,"column":25},"end":{"line":188,"column":31}}],"line":188},"22":{"loc":{"start":{"line":192,"column":2},"end":{"line":192,"column":69}},"type":"if","locations":[{"start":{"line":192,"column":2},"end":{"line":192,"column":69}},{"start":{},"end":{}}],"line":192},"23":{"loc":{"start":{"line":201,"column":2},"end":{"line":201,"column":69}},"type":"if","locations":[{"start":{"line":201,"column":2},"end":{"line":201,"column":69}},{"start":{},"end":{}}],"line":201},"24":{"loc":{"start":{"line":207,"column":2},"end":{"line":207,"column":69}},"type":"if","locations":[{"start":{"line":207,"column":2},"end":{"line":207,"column":69}},{"start":{},"end":{}}],"line":207},"25":{"loc":{"start":{"line":215,"column":2},"end":{"line":215,"column":69}},"type":"if","locations":[{"start":{"line":215,"column":2},"end":{"line":215,"column":69}},{"start":{},"end":{}}],"line":215},"26":{"loc":{"start":{"line":222,"column":2},"end":{"line":222,"column":79}},"type":"if","locations":[{"start":{"line":222,"column":2},"end":{"line":222,"column":79}},{"start":{},"end":{}}],"line":222},"27":{"loc":{"start":{"line":229,"column":2},"end":{"line":229,"column":69}},"type":"if","locations":[{"start":{"line":229,"column":2},"end":{"line":229,"column":69}},{"start":{},"end":{}}],"line":229},"28":{"loc":{"start":{"line":235,"column":2},"end":{"line":236,"column":75}},"type":"if","locations":[{"start":{"line":235,"column":2},"end":{"line":236,"column":75}},{"start":{},"end":{}}],"line":235},"29":{"loc":{"start":{"line":235,"column":6},"end":{"line":235,"column":22}},"type":"binary-expr","locations":[{"start":{"line":235,"column":6},"end":{"line":235,"column":10}},{"start":{"line":235,"column":14},"end":{"line":235,"column":22}}],"line":235},"30":{"loc":{"start":{"line":239,"column":2},"end":{"line":239,"column":69}},"type":"if","locations":[{"start":{"line":239,"column":2},"end":{"line":239,"column":69}},{"start":{},"end":{}}],"line":239},"31":{"loc":{"start":{"line":247,"column":2},"end":{"line":247,"column":69}},"type":"if","locations":[{"start":{"line":247,"column":2},"end":{"line":247,"column":69}},{"start":{},"end":{}}],"line":247},"32":{"loc":{"start":{"line":254,"column":2},"end":{"line":254,"column":76}},"type":"if","locations":[{"start":{"line":254,"column":2},"end":{"line":254,"column":76}},{"start":{},"end":{}}],"line":254},"33":{"loc":{"start":{"line":260,"column":2},"end":{"line":261,"column":87}},"type":"if","locations":[{"start":{"line":260,"column":2},"end":{"line":261,"column":87}},{"start":{},"end":{}}],"line":260},"34":{"loc":{"start":{"line":260,"column":6},"end":{"line":260,"column":37}},"type":"binary-expr","locations":[{"start":{"line":260,"column":6},"end":{"line":260,"column":20}},{"start":{"line":260,"column":24},"end":{"line":260,"column":28}},{"start":{"line":260,"column":32},"end":{"line":260,"column":37}}],"line":260},"35":{"loc":{"start":{"line":264,"column":2},"end":{"line":264,"column":69}},"type":"if","locations":[{"start":{"line":264,"column":2},"end":{"line":264,"column":69}},{"start":{},"end":{}}],"line":264},"36":{"loc":{"start":{"line":273,"column":2},"end":{"line":273,"column":69}},"type":"if","locations":[{"start":{"line":273,"column":2},"end":{"line":273,"column":69}},{"start":{},"end":{}}],"line":273},"37":{"loc":{"start":{"line":279,"column":2},"end":{"line":279,"column":69}},"type":"if","locations":[{"start":{"line":279,"column":2},"end":{"line":279,"column":69}},{"start":{},"end":{}}],"line":279},"38":{"loc":{"start":{"line":289,"column":2},"end":{"line":289,"column":69}},"type":"if","locations":[{"start":{"line":289,"column":2},"end":{"line":289,"column":69}},{"start":{},"end":{}}],"line":289},"39":{"loc":{"start":{"line":298,"column":2},"end":{"line":298,"column":78}},"type":"if","locations":[{"start":{"line":298,"column":2},"end":{"line":298,"column":78}},{"start":{},"end":{}}],"line":298},"40":{"loc":{"start":{"line":304,"column":2},"end":{"line":305,"column":116}},"type":"if","locations":[{"start":{"line":304,"column":2},"end":{"line":305,"column":116}},{"start":{},"end":{}}],"line":304},"41":{"loc":{"start":{"line":304,"column":6},"end":{"line":304,"column":77}},"type":"binary-expr","locations":[{"start":{"line":304,"column":6},"end":{"line":304,"column":16}},{"start":{"line":304,"column":20},"end":{"line":304,"column":34}},{"start":{"line":304,"column":38},"end":{"line":304,"column":56}},{"start":{"line":304,"column":60},"end":{"line":304,"column":77}}],"line":304},"42":{"loc":{"start":{"line":311,"column":2},"end":{"line":311,"column":81}},"type":"if","locations":[{"start":{"line":311,"column":2},"end":{"line":311,"column":81}},{"start":{},"end":{}}],"line":311},"43":{"loc":{"start":{"line":321,"column":2},"end":{"line":321,"column":77}},"type":"if","locations":[{"start":{"line":321,"column":2},"end":{"line":321,"column":77}},{"start":{},"end":{}}],"line":321},"44":{"loc":{"start":{"line":329,"column":2},"end":{"line":330,"column":107}},"type":"if","locations":[{"start":{"line":329,"column":2},"end":{"line":330,"column":107}},{"start":{},"end":{}}],"line":329},"45":{"loc":{"start":{"line":333,"column":2},"end":{"line":333,"column":69}},"type":"if","locations":[{"start":{"line":333,"column":2},"end":{"line":333,"column":69}},{"start":{},"end":{}}],"line":333},"46":{"loc":{"start":{"line":341,"column":2},"end":{"line":341,"column":69}},"type":"if","locations":[{"start":{"line":341,"column":2},"end":{"line":341,"column":69}},{"start":{},"end":{}}],"line":341},"47":{"loc":{"start":{"line":347,"column":2},"end":{"line":348,"column":85}},"type":"if","locations":[{"start":{"line":347,"column":2},"end":{"line":348,"column":85}},{"start":{},"end":{}}],"line":347},"48":{"loc":{"start":{"line":347,"column":6},"end":{"line":347,"column":35}},"type":"binary-expr","locations":[{"start":{"line":347,"column":6},"end":{"line":347,"column":10}},{"start":{"line":347,"column":14},"end":{"line":347,"column":21}},{"start":{"line":347,"column":25},"end":{"line":347,"column":35}}],"line":347},"49":{"loc":{"start":{"line":351,"column":2},"end":{"line":351,"column":69}},"type":"if","locations":[{"start":{"line":351,"column":2},"end":{"line":351,"column":69}},{"start":{},"end":{}}],"line":351},"50":{"loc":{"start":{"line":361,"column":2},"end":{"line":361,"column":69}},"type":"if","locations":[{"start":{"line":361,"column":2},"end":{"line":361,"column":69}},{"start":{},"end":{}}],"line":361},"51":{"loc":{"start":{"line":367,"column":2},"end":{"line":368,"column":86}},"type":"if","locations":[{"start":{"line":367,"column":2},"end":{"line":368,"column":86}},{"start":{},"end":{}}],"line":367},"52":{"loc":{"start":{"line":367,"column":6},"end":{"line":367,"column":33}},"type":"binary-expr","locations":[{"start":{"line":367,"column":6},"end":{"line":367,"column":18}},{"start":{"line":367,"column":22},"end":{"line":367,"column":33}}],"line":367},"53":{"loc":{"start":{"line":372,"column":2},"end":{"line":372,"column":69}},"type":"if","locations":[{"start":{"line":372,"column":2},"end":{"line":372,"column":69}},{"start":{},"end":{}}],"line":372},"54":{"loc":{"start":{"line":383,"column":2},"end":{"line":383,"column":69}},"type":"if","locations":[{"start":{"line":383,"column":2},"end":{"line":383,"column":69}},{"start":{},"end":{}}],"line":383},"55":{"loc":{"start":{"line":391,"column":0},"end":{"line":396,"column":1}},"type":"if","locations":[{"start":{"line":391,"column":0},"end":{"line":396,"column":1}},{"start":{},"end":{}}],"line":391}},"s":{"0":1,"1":1,"2":1,"3":1,"4":1,"5":1,"6":1,"7":11,"8":11,"9":11,"10":11,"11":11,"12":0,"13":11,"14":1,"15":1,"16":0,"17":1,"18":1,"19":1,"20":1,"21":1,"22":1,"23":0,"24":1,"25":11,"26":3,"27":8,"28":8,"29":1,"30":7,"31":7,"32":7,"33":1,"34":6,"35":6,"36":1,"37":1,"38":1,"39":1,"40":0,"41":1,"42":1,"43":0,"44":1,"45":1,"46":2,"47":2,"48":0,"49":2,"50":2,"51":1,"52":1,"53":1,"54":0,"55":0,"56":0,"57":1,"58":0,"59":0,"60":0,"61":0,"62":0,"63":0,"64":0,"65":1,"66":0,"67":0,"68":0,"69":0,"70":0,"71":0,"72":0,"73":1,"74":0,"75":0,"76":0,"77":0,"78":0,"79":0,"80":0,"81":1,"82":0,"83":0,"84":0,"85":0,"86":0,"87":1,"88":0,"89":1,"90":2,"91":2,"92":0,"93":2,"94":1,"95":0,"96":0,"97":0,"98":0,"99":1,"100":1,"101":1,"102":0,"103":1,"104":1,"105":0,"106":1,"107":1,"108":0,"109":0,"110":0,"111":0,"112":0,"113":1,"114":0,"115":0,"116":0,"117":0,"118":1,"119":0,"120":0,"121":0,"122":0,"123":1,"124":0,"125":0,"126":0,"127":0,"128":1,"129":0,"130":0,"131":0,"132":0,"133":1,"134":0,"135":0,"136":0,"137":0,"138":0,"139":0,"140":0,"141":1,"142":0,"143":0,"144":0,"145":0,"146":1,"147":1,"148":1,"149":1,"150":0,"151":1,"152":0,"153":0,"154":0,"155":0,"156":0,"157":0,"158":0,"159":1,"160":0,"161":0,"162":0,"163":0,"164":0,"165":1,"166":1,"167":1,"168":0,"169":1,"170":1,"171":0,"172":0,"173":0,"174":0,"175":1,"176":0,"177":0,"178":0,"179":0,"180":1,"181":1,"182":1,"183":0,"184":1,"185":2,"186":1,"187":1,"188":0,"189":1,"190":2,"191":1,"192":1,"193":0,"194":1,"195":1,"196":0,"197":0,"198":0,"199":0,"200":0,"201":0,"202":0,"203":0,"204":1,"205":0,"206":0,"207":0,"208":0,"209":1,"210":0,"211":0,"212":0,"213":0,"214":0,"215":0,"216":0,"217":1,"218":0,"219":0,"220":0,"221":0,"222":1,"223":0,"224":0,"225":0,"226":0,"227":0,"228":0,"229":0,"230":0,"231":1,"232":0,"233":0,"234":0,"235":0,"236":0,"237":0,"238":1,"239":0,"240":0,"241":0,"242":1},"f":{"0":11,"1":0,"2":11,"3":1,"4":2,"5":0,"6":0,"7":0,"8":0,"9":0,"10":0,"11":2,"12":0,"13":1,"14":0,"15":0,"16":0,"17":0,"18":0,"19":0,"20":0,"21":1,"22":0,"23":0,"24":1,"25":0,"26":0,"27":1,"28":2,"29":2,"30":0,"31":0,"32":0,"33":0,"34":0,"35":0,"36":0},"b":{"0":[0,11],"1":[3,8],"2":[1,7],"3":[1,6],"4":[7,6],"5":[0,1],"6":[1,1],"7":[0,1],"8":[0,2],"9":[2,2],"10":[1,1],"11":[0,0],"12":[0,0],"13":[0,0],"14":[0,0],"15":[0,0],"16":[0,0],"17":[0,0],"18":[0,2],"19":[0,0],"20":[0,1],"21":[1,1,1],"22":[0,1],"23":[0,0],"24":[0,0],"25":[0,0],"26":[0,0],"27":[0,0],"28":[0,0],"29":[0,0],"30":[0,0],"31":[0,0],"32":[1,0],"33":[0,0],"34":[0,0,0],"35":[0,0],"36":[0,0],"37":[0,1],"38":[0,0],"39":[0,0],"40":[0,1],"41":[1,1,1,1],"42":[0,1],"43":[0,1],"44":[0,0],"45":[0,0],"46":[0,0],"47":[0,0],"48":[0,0,0],"49":[0,0],"50":[0,0],"51":[0,0],"52":[0,0],"53":[0,0],"54":[0,0],"55":[0,1]},"_coverageSchema":"1a1c01bbd47fc00a2c39e90264f33305004495a9","hash":"2ff4e866980400342874afdd4188971f0b81f715"}
}
