TN:
SF:server.js
FN:10,(anonymous_0)
FN:23,(anonymous_1)
FN:43,(anonymous_2)
FN:73,(anonymous_3)
FN:89,(anonymous_4)
FN:107,(anonymous_5)
FN:114,(anonymous_6)
FN:130,(anonymous_7)
FN:143,(anonymous_8)
FN:156,(anonymous_9)
FN:167,(anonymous_10)
FN:173,(anonymous_11)
FN:179,(anonymous_12)
FN:186,(anonymous_13)
FN:196,(anonymous_14)
FN:205,(anonymous_15)
FN:213,(anonymous_16)
FN:219,(anonymous_17)
FN:226,(anonymous_18)
FN:233,(anonymous_19)
FN:245,(anonymous_20)
FN:251,(anonymous_21)
FN:258,(anonymous_22)
FN:268,(anonymous_23)
FN:277,(anonymous_24)
FN:285,(anonymous_25)
FN:293,(anonymous_26)
FN:302,(anonymous_27)
FN:307,(anonymous_28)
FN:313,(anonymous_29)
FN:326,(anonymous_30)
FN:339,(anonymous_31)
FN:345,(anonymous_32)
FN:357,(anonymous_33)
FN:365,(anonymous_34)
FN:378,(anonymous_35)
FN:392,(anonymous_36)
FNF:37
FNH:11
FNDA:11,(anonymous_0)
FNDA:0,(anonymous_1)
FNDA:11,(anonymous_2)
FNDA:1,(anonymous_3)
FNDA:2,(anonymous_4)
FNDA:0,(anonymous_5)
FNDA:0,(anonymous_6)
FNDA:0,(anonymous_7)
FNDA:0,(anonymous_8)
FNDA:0,(anonymous_9)
FNDA:0,(anonymous_10)
FNDA:2,(anonymous_11)
FNDA:0,(anonymous_12)
FNDA:1,(anonymous_13)
FNDA:0,(anonymous_14)
FNDA:0,(anonymous_15)
FNDA:0,(anonymous_16)
FNDA:0,(anonymous_17)
FNDA:0,(anonymous_18)
FNDA:0,(anonymous_19)
FNDA:0,(anonymous_20)
FNDA:1,(anonymous_21)
FNDA:0,(anonymous_22)
FNDA:0,(anonymous_23)
FNDA:1,(anonymous_24)
FNDA:0,(anonymous_25)
FNDA:0,(anonymous_26)
FNDA:1,(anonymous_27)
FNDA:2,(anonymous_28)
FNDA:2,(anonymous_29)
FNDA:0,(anonymous_30)
FNDA:0,(anonymous_31)
FNDA:0,(anonymous_32)
FNDA:0,(anonymous_33)
FNDA:0,(anonymous_34)
FNDA:0,(anonymous_35)
FNDA:0,(anonymous_36)
DA:1,1
DA:2,1
DA:3,1
DA:4,1
DA:6,1
DA:7,1
DA:10,1
DA:11,11
DA:12,11
DA:13,11
DA:14,11
DA:15,11
DA:16,0
DA:18,11
DA:21,1
DA:23,1
DA:24,0
DA:27,1
DA:28,1
DA:29,1
DA:31,1
DA:32,1
DA:33,1
DA:35,0
DA:43,1
DA:45,11
DA:46,8
DA:47,8
DA:48,1
DA:51,7
DA:54,7
DA:56,7
DA:57,1
DA:61,6
DA:62,6
DA:66,1
DA:73,1
DA:74,1
DA:75,1
DA:76,0
DA:78,1
DA:80,1
DA:82,1
DA:89,1
DA:90,2
DA:91,2
DA:92,0
DA:94,2
DA:96,2
DA:98,1
DA:107,1
DA:108,0
DA:109,0
DA:110,0
DA:114,1
DA:115,0
DA:116,0
DA:117,0
DA:119,0
DA:124,0
DA:126,0
DA:130,1
DA:131,0
DA:132,0
DA:133,0
DA:135,0
DA:137,0
DA:139,0
DA:143,1
DA:144,0
DA:145,0
DA:146,0
DA:148,0
DA:150,0
DA:152,0
DA:156,1
DA:157,0
DA:159,0
DA:161,0
DA:163,0
DA:167,1
DA:168,0
DA:173,1
DA:174,2
DA:175,2
DA:176,2
DA:179,1
DA:180,0
DA:182,0
DA:183,0
DA:186,1
DA:187,1
DA:188,1
DA:189,0
DA:190,1
DA:192,1
DA:193,1
DA:196,1
DA:197,0
DA:198,0
DA:201,0
DA:202,0
DA:205,1
DA:206,0
DA:207,0
DA:208,0
DA:213,1
DA:214,0
DA:215,0
DA:216,0
DA:219,1
DA:220,0
DA:222,0
DA:223,0
DA:226,1
DA:227,0
DA:229,0
DA:230,0
DA:233,1
DA:234,0
DA:235,0
DA:236,0
DA:237,0
DA:239,0
DA:240,0
DA:245,1
DA:246,0
DA:247,0
DA:248,0
DA:251,1
DA:252,1
DA:254,1
DA:255,0
DA:258,1
DA:259,0
DA:260,0
DA:261,0
DA:262,0
DA:264,0
DA:265,0
DA:268,1
DA:269,0
DA:270,0
DA:273,0
DA:274,0
DA:277,1
DA:278,1
DA:279,1
DA:280,1
DA:285,1
DA:286,0
DA:289,0
DA:290,0
DA:293,1
DA:294,0
DA:298,0
DA:299,0
DA:302,1
DA:303,1
DA:304,1
DA:305,0
DA:307,2
DA:309,1
DA:311,1
DA:313,2
DA:320,1
DA:321,1
DA:323,1
DA:326,1
DA:327,0
DA:328,0
DA:329,0
DA:330,0
DA:331,0
DA:333,0
DA:334,0
DA:339,1
DA:340,0
DA:341,0
DA:342,0
DA:345,1
DA:346,0
DA:347,0
DA:348,0
DA:349,0
DA:351,0
DA:352,0
DA:357,1
DA:358,0
DA:361,0
DA:362,0
DA:365,1
DA:366,0
DA:367,0
DA:368,0
DA:370,0
DA:372,0
DA:374,0
DA:375,0
DA:378,1
DA:379,0
DA:383,0
DA:385,0
DA:386,0
DA:387,0
DA:391,1
DA:392,0
DA:393,0
DA:394,0
DA:398,1
LF:210
LH:98
BRDA:15,0,0,0
BRDA:15,0,1,11
BRDA:45,1,0,3
BRDA:45,1,1,8
BRDA:47,2,0,1
BRDA:47,2,1,7
BRDA:56,3,0,1
BRDA:56,3,1,6
BRDA:56,4,0,7
BRDA:56,4,1,6
BRDA:75,5,0,0
BRDA:75,5,1,1
BRDA:75,6,0,1
BRDA:75,6,1,1
BRDA:80,7,0,0
BRDA:80,7,1,1
BRDA:91,8,0,0
BRDA:91,8,1,2
BRDA:91,9,0,2
BRDA:91,9,1,2
BRDA:96,10,0,1
BRDA:96,10,1,1
BRDA:116,11,0,0
BRDA:116,11,1,0
BRDA:124,12,0,0
BRDA:124,12,1,0
BRDA:132,13,0,0
BRDA:132,13,1,0
BRDA:137,14,0,0
BRDA:137,14,1,0
BRDA:145,15,0,0
BRDA:145,15,1,0
BRDA:150,16,0,0
BRDA:150,16,1,0
BRDA:161,17,0,0
BRDA:161,17,1,0
BRDA:175,18,0,0
BRDA:175,18,1,2
BRDA:182,19,0,0
BRDA:182,19,1,0
BRDA:188,20,0,0
BRDA:188,20,1,1
BRDA:188,21,0,1
BRDA:188,21,1,1
BRDA:188,21,2,1
BRDA:192,22,0,0
BRDA:192,22,1,1
BRDA:201,23,0,0
BRDA:201,23,1,0
BRDA:207,24,0,0
BRDA:207,24,1,0
BRDA:215,25,0,0
BRDA:215,25,1,0
BRDA:222,26,0,0
BRDA:222,26,1,0
BRDA:229,27,0,0
BRDA:229,27,1,0
BRDA:235,28,0,0
BRDA:235,28,1,0
BRDA:235,29,0,0
BRDA:235,29,1,0
BRDA:239,30,0,0
BRDA:239,30,1,0
BRDA:247,31,0,0
BRDA:247,31,1,0
BRDA:254,32,0,1
BRDA:254,32,1,0
BRDA:260,33,0,0
BRDA:260,33,1,0
BRDA:260,34,0,0
BRDA:260,34,1,0
BRDA:260,34,2,0
BRDA:264,35,0,0
BRDA:264,35,1,0
BRDA:273,36,0,0
BRDA:273,36,1,0
BRDA:279,37,0,0
BRDA:279,37,1,1
BRDA:289,38,0,0
BRDA:289,38,1,0
BRDA:298,39,0,0
BRDA:298,39,1,0
BRDA:304,40,0,0
BRDA:304,40,1,1
BRDA:304,41,0,1
BRDA:304,41,1,1
BRDA:304,41,2,1
BRDA:304,41,3,1
BRDA:311,42,0,0
BRDA:311,42,1,1
BRDA:321,43,0,0
BRDA:321,43,1,1
BRDA:329,44,0,0
BRDA:329,44,1,0
BRDA:333,45,0,0
BRDA:333,45,1,0
BRDA:341,46,0,0
BRDA:341,46,1,0
BRDA:347,47,0,0
BRDA:347,47,1,0
BRDA:347,48,0,0
BRDA:347,48,1,0
BRDA:347,48,2,0
BRDA:351,49,0,0
BRDA:351,49,1,0
BRDA:361,50,0,0
BRDA:361,50,1,0
BRDA:367,51,0,0
BRDA:367,51,1,0
BRDA:367,52,0,0
BRDA:367,52,1,0
BRDA:372,53,0,0
BRDA:372,53,1,0
BRDA:383,54,0,0
BRDA:383,54,1,0
BRDA:391,55,0,0
BRDA:391,55,1,1
BRF:117
BRH:34
end_of_record
