TN:
SF:server.js
FN:10,(anonymous_0)
FN:23,(anonymous_1)
FN:43,(anonymous_2)
FN:73,(anonymous_3)
FN:89,(anonymous_4)
FN:107,(anonymous_5)
FN:114,(anonymous_6)
FN:120,(anonymous_7)
FN:126,(anonymous_8)
FN:133,(anonymous_9)
FN:143,(anonymous_10)
FN:152,(anonymous_11)
FN:160,(anonymous_12)
FN:166,(anonymous_13)
FN:173,(anonymous_14)
FN:180,(anonymous_15)
FN:192,(anonymous_16)
FN:198,(anonymous_17)
FN:205,(anonymous_18)
FN:215,(anonymous_19)
FN:224,(anonymous_20)
FN:232,(anonymous_21)
FN:240,(anonymous_22)
FN:249,(anonymous_23)
FN:254,(anonymous_24)
FN:260,(anonymous_25)
FN:273,(anonymous_26)
FN:286,(anonymous_27)
FN:292,(anonymous_28)
FN:304,(anonymous_29)
FN:312,(anonymous_30)
FN:325,(anonymous_31)
FN:339,(anonymous_32)
FNF:33
FNH:11
FNDA:11,(anonymous_0)
FNDA:0,(anonymous_1)
FNDA:11,(anonymous_2)
FNDA:1,(anonymous_3)
FNDA:2,(anonymous_4)
FNDA:0,(anonymous_5)
FNDA:0,(anonymous_6)
FNDA:2,(anonymous_7)
FNDA:0,(anonymous_8)
FNDA:1,(anonymous_9)
FNDA:0,(anonymous_10)
FNDA:0,(anonymous_11)
FNDA:0,(anonymous_12)
FNDA:0,(anonymous_13)
FNDA:0,(anonymous_14)
FNDA:0,(anonymous_15)
FNDA:0,(anonymous_16)
FNDA:1,(anonymous_17)
FNDA:0,(anonymous_18)
FNDA:0,(anonymous_19)
FNDA:1,(anonymous_20)
FNDA:0,(anonymous_21)
FNDA:0,(anonymous_22)
FNDA:1,(anonymous_23)
FNDA:2,(anonymous_24)
FNDA:2,(anonymous_25)
FNDA:0,(anonymous_26)
FNDA:0,(anonymous_27)
FNDA:0,(anonymous_28)
FNDA:0,(anonymous_29)
FNDA:0,(anonymous_30)
FNDA:0,(anonymous_31)
FNDA:0,(anonymous_32)
DA:1,1
DA:2,1
DA:3,1
DA:4,1
DA:6,1
DA:7,1
DA:10,1
DA:11,11
DA:12,11
DA:13,11
DA:14,11
DA:15,11
DA:16,0
DA:18,11
DA:21,1
DA:23,1
DA:24,0
DA:27,1
DA:28,1
DA:29,1
DA:31,1
DA:32,1
DA:33,1
DA:35,0
DA:43,1
DA:45,11
DA:46,8
DA:47,8
DA:48,1
DA:51,7
DA:54,7
DA:56,7
DA:57,1
DA:61,6
DA:62,6
DA:66,1
DA:73,1
DA:74,1
DA:75,1
DA:76,0
DA:78,1
DA:80,1
DA:82,1
DA:89,1
DA:90,2
DA:91,2
DA:92,0
DA:94,2
DA:96,2
DA:98,1
DA:107,1
DA:108,0
DA:109,0
DA:110,0
DA:114,1
DA:115,0
DA:120,1
DA:121,2
DA:122,2
DA:123,2
DA:126,1
DA:127,0
DA:129,0
DA:130,0
DA:133,1
DA:134,1
DA:135,1
DA:136,0
DA:137,1
DA:139,1
DA:140,1
DA:143,1
DA:144,0
DA:145,0
DA:148,0
DA:149,0
DA:152,1
DA:153,0
DA:154,0
DA:155,0
DA:160,1
DA:161,0
DA:162,0
DA:163,0
DA:166,1
DA:167,0
DA:169,0
DA:170,0
DA:173,1
DA:174,0
DA:176,0
DA:177,0
DA:180,1
DA:181,0
DA:182,0
DA:183,0
DA:184,0
DA:186,0
DA:187,0
DA:192,1
DA:193,0
DA:194,0
DA:195,0
DA:198,1
DA:199,1
DA:201,1
DA:202,0
DA:205,1
DA:206,0
DA:207,0
DA:208,0
DA:209,0
DA:211,0
DA:212,0
DA:215,1
DA:216,0
DA:217,0
DA:220,0
DA:221,0
DA:224,1
DA:225,1
DA:226,1
DA:227,1
DA:232,1
DA:233,0
DA:236,0
DA:237,0
DA:240,1
DA:241,0
DA:245,0
DA:246,0
DA:249,1
DA:250,1
DA:251,1
DA:252,0
DA:254,2
DA:256,1
DA:258,1
DA:260,2
DA:267,1
DA:268,1
DA:270,1
DA:273,1
DA:274,0
DA:275,0
DA:276,0
DA:277,0
DA:278,0
DA:280,0
DA:281,0
DA:286,1
DA:287,0
DA:288,0
DA:289,0
DA:292,1
DA:293,0
DA:294,0
DA:295,0
DA:296,0
DA:298,0
DA:299,0
DA:304,1
DA:305,0
DA:308,0
DA:309,0
DA:312,1
DA:313,0
DA:314,0
DA:315,0
DA:317,0
DA:319,0
DA:321,0
DA:322,0
DA:325,1
DA:326,0
DA:330,0
DA:332,0
DA:333,0
DA:334,0
DA:338,1
DA:339,0
DA:340,0
DA:341,0
DA:345,1
LF:184
LH:94
BRDA:15,0,0,0
BRDA:15,0,1,11
BRDA:45,1,0,3
BRDA:45,1,1,8
BRDA:47,2,0,1
BRDA:47,2,1,7
BRDA:56,3,0,1
BRDA:56,3,1,6
BRDA:56,4,0,7
BRDA:56,4,1,6
BRDA:75,5,0,0
BRDA:75,5,1,1
BRDA:75,6,0,1
BRDA:75,6,1,1
BRDA:80,7,0,0
BRDA:80,7,1,1
BRDA:91,8,0,0
BRDA:91,8,1,2
BRDA:91,9,0,2
BRDA:91,9,1,2
BRDA:96,10,0,1
BRDA:96,10,1,1
BRDA:122,11,0,0
BRDA:122,11,1,2
BRDA:129,12,0,0
BRDA:129,12,1,0
BRDA:135,13,0,0
BRDA:135,13,1,1
BRDA:135,14,0,1
BRDA:135,14,1,1
BRDA:135,14,2,1
BRDA:139,15,0,0
BRDA:139,15,1,1
BRDA:148,16,0,0
BRDA:148,16,1,0
BRDA:154,17,0,0
BRDA:154,17,1,0
BRDA:162,18,0,0
BRDA:162,18,1,0
BRDA:169,19,0,0
BRDA:169,19,1,0
BRDA:176,20,0,0
BRDA:176,20,1,0
BRDA:182,21,0,0
BRDA:182,21,1,0
BRDA:182,22,0,0
BRDA:182,22,1,0
BRDA:186,23,0,0
BRDA:186,23,1,0
BRDA:194,24,0,0
BRDA:194,24,1,0
BRDA:201,25,0,1
BRDA:201,25,1,0
BRDA:207,26,0,0
BRDA:207,26,1,0
BRDA:207,27,0,0
BRDA:207,27,1,0
BRDA:207,27,2,0
BRDA:211,28,0,0
BRDA:211,28,1,0
BRDA:220,29,0,0
BRDA:220,29,1,0
BRDA:226,30,0,0
BRDA:226,30,1,1
BRDA:236,31,0,0
BRDA:236,31,1,0
BRDA:245,32,0,0
BRDA:245,32,1,0
BRDA:251,33,0,0
BRDA:251,33,1,1
BRDA:251,34,0,1
BRDA:251,34,1,1
BRDA:251,34,2,1
BRDA:251,34,3,1
BRDA:258,35,0,0
BRDA:258,35,1,1
BRDA:268,36,0,0
BRDA:268,36,1,1
BRDA:276,37,0,0
BRDA:276,37,1,0
BRDA:280,38,0,0
BRDA:280,38,1,0
BRDA:288,39,0,0
BRDA:288,39,1,0
BRDA:294,40,0,0
BRDA:294,40,1,0
BRDA:294,41,0,0
BRDA:294,41,1,0
BRDA:294,41,2,0
BRDA:298,42,0,0
BRDA:298,42,1,0
BRDA:308,43,0,0
BRDA:308,43,1,0
BRDA:314,44,0,0
BRDA:314,44,1,0
BRDA:314,45,0,0
BRDA:314,45,1,0
BRDA:319,46,0,0
BRDA:319,46,1,0
BRDA:330,47,0,0
BRDA:330,47,1,0
BRDA:338,48,0,0
BRDA:338,48,1,1
BRF:103
BRH:34
end_of_record
